NRMSE        0     ./results/results_output_rt_RT_32  0.007774362
NRMSE_MASK   0     ./results/results_output_rt_RT_32  0.007862075
NRMSE        1     ./results/results_output_rt_RT_32  0.008754191
NRMSE_MASK   1     ./results/results_output_rt_RT_32  0.009263225
NRMSE        2     ./results/results_output_rt_RT_32  0.009867904
NRMSE_MASK   2     ./results/results_output_rt_RT_32  0.0108245
NRMSE        3     ./results/results_output_rt_RT_32  0.010893672
NRMSE_MASK   3     ./results/results_output_rt_RT_32  0.012266421
NRMSE        4     ./results/results_output_rt_RT_32  0.012468539
NRMSE_MASK   4     ./results/results_output_rt_RT_32  0.0141197555
NRMSE        5     ./results/results_output_rt_RT_32  0.01406686
NRMSE_MASK   5     ./results/results_output_rt_RT_32  0.015930176
NRMSE        6     ./results/results_output_rt_RT_32  0.015541267
NRMSE_MASK   6     ./results/results_output_rt_RT_32  0.01757279
NRMSE        7     ./results/results_output_rt_RT_32  0.017193621
NRMSE_MASK   7     ./results/results_output_rt_RT_32  0.019365547
NRMSE        8     ./results/results_output_rt_RT_32  0.018765474
NRMSE_MASK   8     ./results/results_output_rt_RT_32  0.02105855
NRMSE        9     ./results/results_output_rt_RT_32  0.020204179
NRMSE_MASK   9     ./results/results_output_rt_RT_32  0.022597698
NRMSE        10     ./results/results_output_rt_RT_32  0.021602917
NRMSE_MASK   10     ./results/results_output_rt_RT_32  0.02408
NRMSE        11     ./results/results_output_rt_RT_32  0.02291294
NRMSE_MASK   11     ./results/results_output_rt_RT_32  0.025452273
NRMSE        12     ./results/results_output_rt_RT_32  0.024261912
NRMSE_MASK   12     ./results/results_output_rt_RT_32  0.026843939
NRMSE        13     ./results/results_output_rt_RT_32  0.02560904
NRMSE_MASK   13     ./results/results_output_rt_RT_32  0.028213134
NRMSE        14     ./results/results_output_rt_RT_32  0.02701536
NRMSE_MASK   14     ./results/results_output_rt_RT_32  0.02963338
NRMSE        15     ./results/results_output_rt_RT_32  0.028421883
NRMSE_MASK   15     ./results/results_output_rt_RT_32  0.031044014
NRMSE        16     ./results/results_output_rt_RT_32  0.02999537
NRMSE_MASK   16     ./results/results_output_rt_RT_32  0.03264055
NRMSE        17     ./results/results_output_rt_RT_32  0.03150627
NRMSE_MASK   17     ./results/results_output_rt_RT_32  0.03418823
NRMSE        18     ./results/results_output_rt_RT_32  0.03276171
NRMSE_MASK   18     ./results/results_output_rt_RT_32  0.035507992
NRMSE        19     ./results/results_output_rt_RT_32  0.033854432
NRMSE_MASK   19     ./results/results_output_rt_RT_32  0.03667066
NRMSE        20     ./results/results_output_rt_RT_32  0.03477444
NRMSE_MASK   20     ./results/results_output_rt_RT_32  0.037661
NRMSE        21     ./results/results_output_rt_RT_32  0.035609644
NRMSE_MASK   21     ./results/results_output_rt_RT_32  0.038570017
NRMSE        22     ./results/results_output_rt_RT_32  0.036351778
NRMSE_MASK   22     ./results/results_output_rt_RT_32  0.039374597
NRMSE        23     ./results/results_output_rt_RT_32  0.037054162
NRMSE_MASK   23     ./results/results_output_rt_RT_32  0.040128563
NRMSE        24     ./results/results_output_rt_RT_32  0.03767196
NRMSE_MASK   24     ./results/results_output_rt_RT_32  0.0407827
NRMSE        25     ./results/results_output_rt_RT_32  0.0382342
NRMSE_MASK   25     ./results/results_output_rt_RT_32  0.04137351
NRMSE        26     ./results/results_output_rt_RT_32  0.038792245
NRMSE_MASK   26     ./results/results_output_rt_RT_32  0.04195818
NRMSE        27     ./results/results_output_rt_RT_32  0.039338153
NRMSE_MASK   27     ./results/results_output_rt_RT_32  0.04253123
NRMSE        28     ./results/results_output_rt_RT_32  0.039857708
NRMSE_MASK   28     ./results/results_output_rt_RT_32  0.04307399
NRMSE        29     ./results/results_output_rt_RT_32  0.0403619
NRMSE_MASK   29     ./results/results_output_rt_RT_32  0.043599527
NRMSE        30     ./results/results_output_rt_RT_32  0.04087755
NRMSE_MASK   30     ./results/results_output_rt_RT_32  0.044135023
NRMSE        31     ./results/results_output_rt_RT_32  0.041377693
NRMSE_MASK   31     ./results/results_output_rt_RT_32  0.044656176
NRMSE        0     ./results/results_output_real_RT_32  0.0102248145
NRMSE_MASK   0     ./results/results_output_real_RT_32  0.018075168
NRMSE        1     ./results/results_output_real_RT_32  0.014752517
NRMSE_MASK   1     ./results/results_output_real_RT_32  0.025764171
NRMSE        2     ./results/results_output_real_RT_32  0.019056154
NRMSE_MASK   2     ./results/results_output_real_RT_32  0.03285565
NRMSE        3     ./results/results_output_real_RT_32  0.023257727
NRMSE_MASK   3     ./results/results_output_real_RT_32  0.039615124
NRMSE        4     ./results/results_output_real_RT_32  0.027205184
NRMSE_MASK   4     ./results/results_output_real_RT_32  0.045763344
NRMSE        5     ./results/results_output_real_RT_32  0.03132325
NRMSE_MASK   5     ./results/results_output_real_RT_32  0.052124027
NRMSE        6     ./results/results_output_real_RT_32  0.034840267
NRMSE_MASK   6     ./results/results_output_real_RT_32  0.057402343
NRMSE        7     ./results/results_output_real_RT_32  0.037990306
NRMSE_MASK   7     ./results/results_output_real_RT_32  0.062084053
NRMSE        8     ./results/results_output_real_RT_32  0.040867545
NRMSE_MASK   8     ./results/results_output_real_RT_32  0.06628454
NRMSE        9     ./results/results_output_real_RT_32  0.043566648
NRMSE_MASK   9     ./results/results_output_real_RT_32  0.07014764
NRMSE        10     ./results/results_output_real_RT_32  0.046310946
NRMSE_MASK   10     ./results/results_output_real_RT_32  0.07405878
NRMSE        11     ./results/results_output_real_RT_32  0.04898872
NRMSE_MASK   11     ./results/results_output_real_RT_32  0.07781654
NRMSE        12     ./results/results_output_real_RT_32  0.051637232
NRMSE_MASK   12     ./results/results_output_real_RT_32  0.08150195
NRMSE        13     ./results/results_output_real_RT_32  0.054237112
NRMSE_MASK   13     ./results/results_output_real_RT_32  0.08512424
NRMSE        14     ./results/results_output_real_RT_32  0.056735903
NRMSE_MASK   14     ./results/results_output_real_RT_32  0.0885836
NRMSE        15     ./results/results_output_real_RT_32  0.05923524
NRMSE_MASK   15     ./results/results_output_real_RT_32  0.09205306
NRMSE        16     ./results/results_output_real_RT_32  0.061731283
NRMSE_MASK   16     ./results/results_output_real_RT_32  0.095500514
NRMSE        17     ./results/results_output_real_RT_32  0.06444603
NRMSE_MASK   17     ./results/results_output_real_RT_32  0.09923156
NRMSE        18     ./results/results_output_real_RT_32  0.066364035
NRMSE_MASK   18     ./results/results_output_real_RT_32  0.10180162
NRMSE        19     ./results/results_output_real_RT_32  0.067880034
NRMSE_MASK   19     ./results/results_output_real_RT_32  0.103859134
NRMSE        20     ./results/results_output_real_RT_32  0.069116384
NRMSE_MASK   20     ./results/results_output_real_RT_32  0.1055504
NRMSE        21     ./results/results_output_real_RT_32  0.07016288
NRMSE_MASK   21     ./results/results_output_real_RT_32  0.107013226
NRMSE        22     ./results/results_output_real_RT_32  0.07097869
NRMSE_MASK   22     ./results/results_output_real_RT_32  0.10818272
NRMSE        23     ./results/results_output_real_RT_32  0.07161391
NRMSE_MASK   23     ./results/results_output_real_RT_32  0.10910427
NRMSE        24     ./results/results_output_real_RT_32  0.07209704
NRMSE_MASK   24     ./results/results_output_real_RT_32  0.10980584
NRMSE        25     ./results/results_output_real_RT_32  0.07244022
NRMSE_MASK   25     ./results/results_output_real_RT_32  0.11032372
NRMSE        26     ./results/results_output_real_RT_32  0.072695985
NRMSE_MASK   26     ./results/results_output_real_RT_32  0.110711776
NRMSE        27     ./results/results_output_real_RT_32  0.072871625
NRMSE_MASK   27     ./results/results_output_real_RT_32  0.11097871
NRMSE        28     ./results/results_output_real_RT_32  0.07299944
NRMSE_MASK   28     ./results/results_output_real_RT_32  0.11115827
NRMSE        29     ./results/results_output_real_RT_32  0.073070794
NRMSE_MASK   29     ./results/results_output_real_RT_32  0.111253634
NRMSE        30     ./results/results_output_real_RT_32  0.073100045
NRMSE_MASK   30     ./results/results_output_real_RT_32  0.111288
NRMSE        31     ./results/results_output_real_RT_32  0.07307055
NRMSE_MASK   31     ./results/results_output_real_RT_32  0.111251146
NRMSE        0     ./results/results_output_imag_RT_32  0.011021639
NRMSE_MASK   0     ./results/results_output_imag_RT_32  0.018846605
NRMSE        1     ./results/results_output_imag_RT_32  0.014849989
NRMSE_MASK   1     ./results/results_output_imag_RT_32  0.025149332
NRMSE        2     ./results/results_output_imag_RT_32  0.019340478
NRMSE_MASK   2     ./results/results_output_imag_RT_32  0.032373033
NRMSE        3     ./results/results_output_imag_RT_32  0.02325696
NRMSE_MASK   3     ./results/results_output_imag_RT_32  0.03849474
NRMSE        4     ./results/results_output_imag_RT_32  0.027480863
NRMSE_MASK   4     ./results/results_output_imag_RT_32  0.04503022
NRMSE        5     ./results/results_output_imag_RT_32  0.031465817
NRMSE_MASK   5     ./results/results_output_imag_RT_32  0.05110948
NRMSE        6     ./results/results_output_imag_RT_32  0.034874387
NRMSE_MASK   6     ./results/results_output_imag_RT_32  0.056227215
NRMSE        7     ./results/results_output_imag_RT_32  0.037984088
NRMSE_MASK   7     ./results/results_output_imag_RT_32  0.060840942
NRMSE        8     ./results/results_output_imag_RT_32  0.04087544
NRMSE_MASK   8     ./results/results_output_imag_RT_32  0.06506818
NRMSE        9     ./results/results_output_imag_RT_32  0.043682262
NRMSE_MASK   9     ./results/results_output_imag_RT_32  0.06913084
NRMSE        10     ./results/results_output_imag_RT_32  0.046279233
NRMSE_MASK   10     ./results/results_output_imag_RT_32  0.07283249
NRMSE        11     ./results/results_output_imag_RT_32  0.048842665
NRMSE_MASK   11     ./results/results_output_imag_RT_32  0.07643522
NRMSE        12     ./results/results_output_imag_RT_32  0.05139959
NRMSE_MASK   12     ./results/results_output_imag_RT_32  0.08002096
NRMSE        13     ./results/results_output_imag_RT_32  0.053975258
NRMSE_MASK   13     ./results/results_output_imag_RT_32  0.08362046
NRMSE        14     ./results/results_output_imag_RT_32  0.056513987
NRMSE_MASK   14     ./results/results_output_imag_RT_32  0.08715338
NRMSE        15     ./results/results_output_imag_RT_32  0.058996167
NRMSE_MASK   15     ./results/results_output_imag_RT_32  0.090581365
NRMSE        16     ./results/results_output_imag_RT_32  0.061515365
NRMSE_MASK   16     ./results/results_output_imag_RT_32  0.094070606
NRMSE        17     ./results/results_output_imag_RT_32  0.06418941
NRMSE_MASK   17     ./results/results_output_imag_RT_32  0.097788185
NRMSE        18     ./results/results_output_imag_RT_32  0.0661826
NRMSE_MASK   18     ./results/results_output_imag_RT_32  0.10056906
NRMSE        19     ./results/results_output_imag_RT_32  0.06775662
NRMSE_MASK   19     ./results/results_output_imag_RT_32  0.10281574
NRMSE        20     ./results/results_output_imag_RT_32  0.06903692
NRMSE_MASK   20     ./results/results_output_imag_RT_32  0.10467618
NRMSE        21     ./results/results_output_imag_RT_32  0.070080146
NRMSE_MASK   21     ./results/results_output_imag_RT_32  0.10623921
NRMSE        22     ./results/results_output_imag_RT_32  0.07090705
NRMSE_MASK   22     ./results/results_output_imag_RT_32  0.10752386
NRMSE        23     ./results/results_output_imag_RT_32  0.07156867
NRMSE_MASK   23     ./results/results_output_imag_RT_32  0.10858735
NRMSE        24     ./results/results_output_imag_RT_32  0.07206444
NRMSE_MASK   24     ./results/results_output_imag_RT_32  0.10942537
NRMSE        25     ./results/results_output_imag_RT_32  0.072437584
NRMSE_MASK   25     ./results/results_output_imag_RT_32  0.11009037
NRMSE        26     ./results/results_output_imag_RT_32  0.07270421
NRMSE_MASK   26     ./results/results_output_imag_RT_32  0.11059114
NRMSE        27     ./results/results_output_imag_RT_32  0.07291127
NRMSE_MASK   27     ./results/results_output_imag_RT_32  0.110998675
NRMSE        28     ./results/results_output_imag_RT_32  0.07305569
NRMSE_MASK   28     ./results/results_output_imag_RT_32  0.11129945
NRMSE        29     ./results/results_output_imag_RT_32  0.07314361
NRMSE_MASK   29     ./results/results_output_imag_RT_32  0.11151478
NRMSE        30     ./results/results_output_imag_RT_32  0.0732006
NRMSE_MASK   30     ./results/results_output_imag_RT_32  0.11168196
NRMSE        31     ./results/results_output_imag_RT_32  0.07318934
NRMSE_MASK   31     ./results/results_output_imag_RT_32  0.11175404
NRMSE        0     ./results/results_output_rt_RT_withoutskip_32  0.004490037
NRMSE_MASK   0     ./results/results_output_rt_RT_withoutskip_32  0.0045755445
NRMSE        1     ./results/results_output_rt_RT_withoutskip_32  0.004960457
NRMSE_MASK   1     ./results/results_output_rt_RT_withoutskip_32  0.005650055
NRMSE        2     ./results/results_output_rt_RT_withoutskip_32  0.006601937
NRMSE_MASK   2     ./results/results_output_rt_RT_withoutskip_32  0.008622537
NRMSE        3     ./results/results_output_rt_RT_withoutskip_32  0.008086863
NRMSE_MASK   3     ./results/results_output_rt_RT_withoutskip_32  0.011405856
NRMSE        4     ./results/results_output_rt_RT_withoutskip_32  0.009769099
NRMSE_MASK   4     ./results/results_output_rt_RT_withoutskip_32  0.01466063
NRMSE        5     ./results/results_output_rt_RT_withoutskip_32  0.011398838
NRMSE_MASK   5     ./results/results_output_rt_RT_withoutskip_32  0.018117651
NRMSE        6     ./results/results_output_rt_RT_withoutskip_32  0.013001523
NRMSE_MASK   6     ./results/results_output_rt_RT_withoutskip_32  0.021617189
NRMSE        7     ./results/results_output_rt_RT_withoutskip_32  0.014510711
NRMSE_MASK   7     ./results/results_output_rt_RT_withoutskip_32  0.024902452
NRMSE        8     ./results/results_output_rt_RT_withoutskip_32  0.015857013
NRMSE_MASK   8     ./results/results_output_rt_RT_withoutskip_32  0.027880399
NRMSE        9     ./results/results_output_rt_RT_withoutskip_32  0.0172674
NRMSE_MASK   9     ./results/results_output_rt_RT_withoutskip_32  0.030906616
NRMSE        10     ./results/results_output_rt_RT_withoutskip_32  0.018749567
NRMSE_MASK   10     ./results/results_output_rt_RT_withoutskip_32  0.03398442
NRMSE        11     ./results/results_output_rt_RT_withoutskip_32  0.020173319
NRMSE_MASK   11     ./results/results_output_rt_RT_withoutskip_32  0.036896262
NRMSE        12     ./results/results_output_rt_RT_withoutskip_32  0.021642452
NRMSE_MASK   12     ./results/results_output_rt_RT_withoutskip_32  0.039849367
NRMSE        13     ./results/results_output_rt_RT_withoutskip_32  0.023045013
NRMSE_MASK   13     ./results/results_output_rt_RT_withoutskip_32  0.042625356
NRMSE        14     ./results/results_output_rt_RT_withoutskip_32  0.024437562
NRMSE_MASK   14     ./results/results_output_rt_RT_withoutskip_32  0.045344524
NRMSE        15     ./results/results_output_rt_RT_withoutskip_32  0.025952619
NRMSE_MASK   15     ./results/results_output_rt_RT_withoutskip_32  0.048200555
NRMSE        16     ./results/results_output_rt_RT_withoutskip_32  0.027689748
NRMSE_MASK   16     ./results/results_output_rt_RT_withoutskip_32  0.051450215
NRMSE        17     ./results/results_output_rt_RT_withoutskip_32  0.02938489
NRMSE_MASK   17     ./results/results_output_rt_RT_withoutskip_32  0.05462117
NRMSE        18     ./results/results_output_rt_RT_withoutskip_32  0.030936759
NRMSE_MASK   18     ./results/results_output_rt_RT_withoutskip_32  0.057529997
NRMSE        19     ./results/results_output_rt_RT_withoutskip_32  0.032443315
NRMSE_MASK   19     ./results/results_output_rt_RT_withoutskip_32  0.0603366
NRMSE        20     ./results/results_output_rt_RT_withoutskip_32  0.0338217
NRMSE_MASK   20     ./results/results_output_rt_RT_withoutskip_32  0.06282775
NRMSE        21     ./results/results_output_rt_RT_withoutskip_32  0.035151083
NRMSE_MASK   21     ./results/results_output_rt_RT_withoutskip_32  0.065168194
NRMSE        22     ./results/results_output_rt_RT_withoutskip_32  0.036421224
NRMSE_MASK   22     ./results/results_output_rt_RT_withoutskip_32  0.06728341
NRMSE        23     ./results/results_output_rt_RT_withoutskip_32  0.03764107
NRMSE_MASK   23     ./results/results_output_rt_RT_withoutskip_32  0.069022916
NRMSE        24     ./results/results_output_rt_RT_withoutskip_32  0.038786437
NRMSE_MASK   24     ./results/results_output_rt_RT_withoutskip_32  0.0703343
NRMSE        25     ./results/results_output_rt_RT_withoutskip_32  0.039852444
NRMSE_MASK   25     ./results/results_output_rt_RT_withoutskip_32  0.07150366
NRMSE        26     ./results/results_output_rt_RT_withoutskip_32  0.040885836
NRMSE_MASK   26     ./results/results_output_rt_RT_withoutskip_32  0.07265188
NRMSE        27     ./results/results_output_rt_RT_withoutskip_32  0.04196645
NRMSE_MASK   27     ./results/results_output_rt_RT_withoutskip_32  0.07389359
NRMSE        28     ./results/results_output_rt_RT_withoutskip_32  0.042987745
NRMSE_MASK   28     ./results/results_output_rt_RT_withoutskip_32  0.07493986
NRMSE        29     ./results/results_output_rt_RT_withoutskip_32  0.044015143
NRMSE_MASK   29     ./results/results_output_rt_RT_withoutskip_32  0.07591008
NRMSE        30     ./results/results_output_rt_RT_withoutskip_32  0.045059733
NRMSE_MASK   30     ./results/results_output_rt_RT_withoutskip_32  0.07688488
NRMSE        31     ./results/results_output_rt_RT_withoutskip_32  0.046147704
NRMSE_MASK   31     ./results/results_output_rt_RT_withoutskip_32  0.07796735
NRMSE        0     ./results/results_output_real_RT_withoutskip_32  0.010467414
NRMSE_MASK   0     ./results/results_output_real_RT_withoutskip_32  0.018334433
NRMSE        1     ./results/results_output_real_RT_withoutskip_32  0.01357183
NRMSE_MASK   1     ./results/results_output_real_RT_withoutskip_32  0.024709132
NRMSE        2     ./results/results_output_real_RT_withoutskip_32  0.018225685
NRMSE_MASK   2     ./results/results_output_real_RT_withoutskip_32  0.0333042
NRMSE        3     ./results/results_output_real_RT_withoutskip_32  0.023179162
NRMSE_MASK   3     ./results/results_output_real_RT_withoutskip_32  0.04213428
NRMSE        4     ./results/results_output_real_RT_withoutskip_32  0.027442921
NRMSE_MASK   4     ./results/results_output_real_RT_withoutskip_32  0.049509298
NRMSE        5     ./results/results_output_real_RT_withoutskip_32  0.031450726
NRMSE_MASK   5     ./results/results_output_real_RT_withoutskip_32  0.05631867
NRMSE        6     ./results/results_output_real_RT_withoutskip_32  0.035328455
NRMSE_MASK   6     ./results/results_output_real_RT_withoutskip_32  0.062801614
NRMSE        7     ./results/results_output_real_RT_withoutskip_32  0.038695555
NRMSE_MASK   7     ./results/results_output_real_RT_withoutskip_32  0.068284184
NRMSE        8     ./results/results_output_real_RT_withoutskip_32  0.04190828
NRMSE_MASK   8     ./results/results_output_real_RT_withoutskip_32  0.07336282
NRMSE        9     ./results/results_output_real_RT_withoutskip_32  0.04470149
NRMSE_MASK   9     ./results/results_output_real_RT_withoutskip_32  0.077585556
NRMSE        10     ./results/results_output_real_RT_withoutskip_32  0.047565453
NRMSE_MASK   10     ./results/results_output_real_RT_withoutskip_32  0.08184955
NRMSE        11     ./results/results_output_real_RT_withoutskip_32  0.050401058
NRMSE_MASK   11     ./results/results_output_real_RT_withoutskip_32  0.085962236
NRMSE        12     ./results/results_output_real_RT_withoutskip_32  0.053144053
NRMSE_MASK   12     ./results/results_output_real_RT_withoutskip_32  0.089864776
NRMSE        13     ./results/results_output_real_RT_withoutskip_32  0.055909712
NRMSE_MASK   13     ./results/results_output_real_RT_withoutskip_32  0.093771316
NRMSE        14     ./results/results_output_real_RT_withoutskip_32  0.058759432
NRMSE_MASK   14     ./results/results_output_real_RT_withoutskip_32  0.09778233
NRMSE        15     ./results/results_output_real_RT_withoutskip_32  0.0614395
NRMSE_MASK   15     ./results/results_output_real_RT_withoutskip_32  0.10153274
NRMSE        16     ./results/results_output_real_RT_withoutskip_32  0.06420914
NRMSE_MASK   16     ./results/results_output_real_RT_withoutskip_32  0.10543442
NRMSE        17     ./results/results_output_real_RT_withoutskip_32  0.06721324
NRMSE_MASK   17     ./results/results_output_real_RT_withoutskip_32  0.10970047
NRMSE        18     ./results/results_output_real_RT_withoutskip_32  0.0694508
NRMSE_MASK   18     ./results/results_output_real_RT_withoutskip_32  0.11268779
NRMSE        19     ./results/results_output_real_RT_withoutskip_32  0.071263224
NRMSE_MASK   19     ./results/results_output_real_RT_withoutskip_32  0.11501144
NRMSE        20     ./results/results_output_real_RT_withoutskip_32  0.07271847
NRMSE_MASK   20     ./results/results_output_real_RT_withoutskip_32  0.11679462
NRMSE        21     ./results/results_output_real_RT_withoutskip_32  0.07401557
NRMSE_MASK   21     ./results/results_output_real_RT_withoutskip_32  0.11837814
NRMSE        22     ./results/results_output_real_RT_withoutskip_32  0.075127415
NRMSE_MASK   22     ./results/results_output_real_RT_withoutskip_32  0.11969969
NRMSE        23     ./results/results_output_real_RT_withoutskip_32  0.07605959
NRMSE_MASK   23     ./results/results_output_real_RT_withoutskip_32  0.12074306
NRMSE        24     ./results/results_output_real_RT_withoutskip_32  0.07683203
NRMSE_MASK   24     ./results/results_output_real_RT_withoutskip_32  0.121552
NRMSE        25     ./results/results_output_real_RT_withoutskip_32  0.077493384
NRMSE_MASK   25     ./results/results_output_real_RT_withoutskip_32  0.12225661
NRMSE        26     ./results/results_output_real_RT_withoutskip_32  0.078037456
NRMSE_MASK   26     ./results/results_output_real_RT_withoutskip_32  0.1227971
NRMSE        27     ./results/results_output_real_RT_withoutskip_32  0.07844728
NRMSE_MASK   27     ./results/results_output_real_RT_withoutskip_32  0.12314012
NRMSE        28     ./results/results_output_real_RT_withoutskip_32  0.07870373
NRMSE_MASK   28     ./results/results_output_real_RT_withoutskip_32  0.12324252
NRMSE        29     ./results/results_output_real_RT_withoutskip_32  0.078854464
NRMSE_MASK   29     ./results/results_output_real_RT_withoutskip_32  0.123188615
NRMSE        30     ./results/results_output_real_RT_withoutskip_32  0.07893449
NRMSE_MASK   30     ./results/results_output_real_RT_withoutskip_32  0.12303831
NRMSE        31     ./results/results_output_real_RT_withoutskip_32  0.07901508
NRMSE_MASK   31     ./results/results_output_real_RT_withoutskip_32  0.12290318
NRMSE        0     ./results/results_output_imag_RT_withoutskip_32  0.00980879
NRMSE_MASK   0     ./results/results_output_imag_RT_withoutskip_32  0.019137038
NRMSE        1     ./results/results_output_imag_RT_withoutskip_32  0.013351973
NRMSE_MASK   1     ./results/results_output_imag_RT_withoutskip_32  0.026434835
NRMSE        2     ./results/results_output_imag_RT_withoutskip_32  0.018321473
NRMSE_MASK   2     ./results/results_output_imag_RT_withoutskip_32  0.035737567
NRMSE        3     ./results/results_output_imag_RT_withoutskip_32  0.023069223
NRMSE_MASK   3     ./results/results_output_imag_RT_withoutskip_32  0.04415232
NRMSE        4     ./results/results_output_imag_RT_withoutskip_32  0.027453149
NRMSE_MASK   4     ./results/results_output_imag_RT_withoutskip_32  0.05158568
NRMSE        5     ./results/results_output_imag_RT_withoutskip_32  0.031797547
NRMSE_MASK   5     ./results/results_output_imag_RT_withoutskip_32  0.058829986
NRMSE        6     ./results/results_output_imag_RT_withoutskip_32  0.03566727
NRMSE_MASK   6     ./results/results_output_imag_RT_withoutskip_32  0.065167755
NRMSE        7     ./results/results_output_imag_RT_withoutskip_32  0.03917549
NRMSE_MASK   7     ./results/results_output_imag_RT_withoutskip_32  0.07077478
NRMSE        8     ./results/results_output_imag_RT_withoutskip_32  0.042129833
NRMSE_MASK   8     ./results/results_output_imag_RT_withoutskip_32  0.07527133
NRMSE        9     ./results/results_output_imag_RT_withoutskip_32  0.044806633
NRMSE_MASK   9     ./results/results_output_imag_RT_withoutskip_32  0.07918869
NRMSE        10     ./results/results_output_imag_RT_withoutskip_32  0.047509562
NRMSE_MASK   10     ./results/results_output_imag_RT_withoutskip_32  0.083070226
NRMSE        11     ./results/results_output_imag_RT_withoutskip_32  0.050387274
NRMSE_MASK   11     ./results/results_output_imag_RT_withoutskip_32  0.08719785
NRMSE        12     ./results/results_output_imag_RT_withoutskip_32  0.053183556
NRMSE_MASK   12     ./results/results_output_imag_RT_withoutskip_32  0.09113071
NRMSE        13     ./results/results_output_imag_RT_withoutskip_32  0.055967376
NRMSE_MASK   13     ./results/results_output_imag_RT_withoutskip_32  0.09500574
NRMSE        14     ./results/results_output_imag_RT_withoutskip_32  0.058864366
NRMSE_MASK   14     ./results/results_output_imag_RT_withoutskip_32  0.09906539
NRMSE        15     ./results/results_output_imag_RT_withoutskip_32  0.061499905
NRMSE_MASK   15     ./results/results_output_imag_RT_withoutskip_32  0.102686174
NRMSE        16     ./results/results_output_imag_RT_withoutskip_32  0.06424875
NRMSE_MASK   16     ./results/results_output_imag_RT_withoutskip_32  0.106506556
NRMSE        17     ./results/results_output_imag_RT_withoutskip_32  0.06711035
NRMSE_MASK   17     ./results/results_output_imag_RT_withoutskip_32  0.11047863
NRMSE        18     ./results/results_output_imag_RT_withoutskip_32  0.06934069
NRMSE_MASK   18     ./results/results_output_imag_RT_withoutskip_32  0.11350249
NRMSE        19     ./results/results_output_imag_RT_withoutskip_32  0.07117031
NRMSE_MASK   19     ./results/results_output_imag_RT_withoutskip_32  0.11595603
NRMSE        20     ./results/results_output_imag_RT_withoutskip_32  0.07271638
NRMSE_MASK   20     ./results/results_output_imag_RT_withoutskip_32  0.11801094
NRMSE        21     ./results/results_output_imag_RT_withoutskip_32  0.07401398
NRMSE_MASK   21     ./results/results_output_imag_RT_withoutskip_32  0.11975581
NRMSE        22     ./results/results_output_imag_RT_withoutskip_32  0.07513426
NRMSE_MASK   22     ./results/results_output_imag_RT_withoutskip_32  0.12127374
NRMSE        23     ./results/results_output_imag_RT_withoutskip_32  0.07605737
NRMSE_MASK   23     ./results/results_output_imag_RT_withoutskip_32  0.12248884
NRMSE        24     ./results/results_output_imag_RT_withoutskip_32  0.07681379
NRMSE_MASK   24     ./results/results_output_imag_RT_withoutskip_32  0.123464055
NRMSE        25     ./results/results_output_imag_RT_withoutskip_32  0.077418305
NRMSE_MASK   25     ./results/results_output_imag_RT_withoutskip_32  0.12426376
NRMSE        26     ./results/results_output_imag_RT_withoutskip_32  0.077876545
NRMSE_MASK   26     ./results/results_output_imag_RT_withoutskip_32  0.12483675
NRMSE        27     ./results/results_output_imag_RT_withoutskip_32  0.07823253
NRMSE_MASK   27     ./results/results_output_imag_RT_withoutskip_32  0.12526084
NRMSE        28     ./results/results_output_imag_RT_withoutskip_32  0.07844132
NRMSE_MASK   28     ./results/results_output_imag_RT_withoutskip_32  0.1254568
NRMSE        29     ./results/results_output_imag_RT_withoutskip_32  0.07858171
NRMSE_MASK   29     ./results/results_output_imag_RT_withoutskip_32  0.12553923
NRMSE        30     ./results/results_output_imag_RT_withoutskip_32  0.078655995
NRMSE_MASK   30     ./results/results_output_imag_RT_withoutskip_32  0.12552005
NRMSE        31     ./results/results_output_imag_RT_withoutskip_32  0.07872535
NRMSE_MASK   31     ./results/results_output_imag_RT_withoutskip_32  0.12550135
NRMSE        0     ./results/results_output_rt_RT_U_Net_32  0.078540355
NRMSE_MASK   0     ./results/results_output_rt_RT_U_Net_32  0.078540355
NRMSE        1     ./results/results_output_rt_RT_U_Net_32  0.0832579
NRMSE_MASK   1     ./results/results_output_rt_RT_U_Net_32  0.0832579
NRMSE        2     ./results/results_output_rt_RT_U_Net_32  0.09250111
NRMSE_MASK   2     ./results/results_output_rt_RT_U_Net_32  0.09250111
NRMSE        3     ./results/results_output_rt_RT_U_Net_32  0.09847375
NRMSE_MASK   3     ./results/results_output_rt_RT_U_Net_32  0.09847375
NRMSE        4     ./results/results_output_rt_RT_U_Net_32  0.104750864
NRMSE_MASK   4     ./results/results_output_rt_RT_U_Net_32  0.104750864
NRMSE        5     ./results/results_output_rt_RT_U_Net_32  0.110144116
NRMSE_MASK   5     ./results/results_output_rt_RT_U_Net_32  0.110144116
NRMSE        6     ./results/results_output_rt_RT_U_Net_32  0.115087844
NRMSE_MASK   6     ./results/results_output_rt_RT_U_Net_32  0.115087844
NRMSE        7     ./results/results_output_rt_RT_U_Net_32  0.11975147
NRMSE_MASK   7     ./results/results_output_rt_RT_U_Net_32  0.11975147
NRMSE        8     ./results/results_output_rt_RT_U_Net_32  0.12414007
NRMSE_MASK   8     ./results/results_output_rt_RT_U_Net_32  0.12414007
NRMSE        9     ./results/results_output_rt_RT_U_Net_32  0.12850796
NRMSE_MASK   9     ./results/results_output_rt_RT_U_Net_32  0.12850796
NRMSE        10     ./results/results_output_rt_RT_U_Net_32  0.13288438
NRMSE_MASK   10     ./results/results_output_rt_RT_U_Net_32  0.13288438
NRMSE        11     ./results/results_output_rt_RT_U_Net_32  0.13741292
NRMSE_MASK   11     ./results/results_output_rt_RT_U_Net_32  0.13741292
NRMSE        12     ./results/results_output_rt_RT_U_Net_32  0.14200589
NRMSE_MASK   12     ./results/results_output_rt_RT_U_Net_32  0.14200589
NRMSE        13     ./results/results_output_rt_RT_U_Net_32  0.14658229
NRMSE_MASK   13     ./results/results_output_rt_RT_U_Net_32  0.14658229
NRMSE        14     ./results/results_output_rt_RT_U_Net_32  0.15106434
NRMSE_MASK   14     ./results/results_output_rt_RT_U_Net_32  0.15106434
NRMSE        15     ./results/results_output_rt_RT_U_Net_32  0.15539065
NRMSE_MASK   15     ./results/results_output_rt_RT_U_Net_32  0.15539065
NRMSE        16     ./results/results_output_rt_RT_U_Net_32  0.1596071
NRMSE_MASK   16     ./results/results_output_rt_RT_U_Net_32  0.1596071
NRMSE        17     ./results/results_output_rt_RT_U_Net_32  0.16279364
NRMSE_MASK   17     ./results/results_output_rt_RT_U_Net_32  0.16279364
NRMSE        18     ./results/results_output_rt_RT_U_Net_32  0.16428873
NRMSE_MASK   18     ./results/results_output_rt_RT_U_Net_32  0.16428873
NRMSE        19     ./results/results_output_rt_RT_U_Net_32  0.16494988
NRMSE_MASK   19     ./results/results_output_rt_RT_U_Net_32  0.16494988
NRMSE        20     ./results/results_output_rt_RT_U_Net_32  0.16504353
NRMSE_MASK   20     ./results/results_output_rt_RT_U_Net_32  0.16504353
NRMSE        21     ./results/results_output_rt_RT_U_Net_32  0.16473211
NRMSE_MASK   21     ./results/results_output_rt_RT_U_Net_32  0.16473211
NRMSE        22     ./results/results_output_rt_RT_U_Net_32  0.16409867
NRMSE_MASK   22     ./results/results_output_rt_RT_U_Net_32  0.16409867
NRMSE        23     ./results/results_output_rt_RT_U_Net_32  0.16319975
NRMSE_MASK   23     ./results/results_output_rt_RT_U_Net_32  0.16319975
NRMSE        24     ./results/results_output_rt_RT_U_Net_32  0.16211429
NRMSE_MASK   24     ./results/results_output_rt_RT_U_Net_32  0.16211429
NRMSE        25     ./results/results_output_rt_RT_U_Net_32  0.16103168
NRMSE_MASK   25     ./results/results_output_rt_RT_U_Net_32  0.16103168
NRMSE        26     ./results/results_output_rt_RT_U_Net_32  0.1599729
NRMSE_MASK   26     ./results/results_output_rt_RT_U_Net_32  0.1599729
NRMSE        27     ./results/results_output_rt_RT_U_Net_32  0.15895735
NRMSE_MASK   27     ./results/results_output_rt_RT_U_Net_32  0.15895735
NRMSE        28     ./results/results_output_rt_RT_U_Net_32  0.15793547
NRMSE_MASK   28     ./results/results_output_rt_RT_U_Net_32  0.15793547
NRMSE        29     ./results/results_output_rt_RT_U_Net_32  0.15692712
NRMSE_MASK   29     ./results/results_output_rt_RT_U_Net_32  0.15692712
NRMSE        30     ./results/results_output_rt_RT_U_Net_32  0.15592477
NRMSE_MASK   30     ./results/results_output_rt_RT_U_Net_32  0.15592477
NRMSE        31     ./results/results_output_rt_RT_U_Net_32  0.15492666
NRMSE_MASK   31     ./results/results_output_rt_RT_U_Net_32  0.15492666
NRMSE        0     ./results/results_output_real_RT_U_Net_32  0.018635273
NRMSE_MASK   0     ./results/results_output_real_RT_U_Net_32  0.030541962
NRMSE        1     ./results/results_output_real_RT_U_Net_32  0.025305418
NRMSE_MASK   1     ./results/results_output_real_RT_U_Net_32  0.04044816
NRMSE        2     ./results/results_output_real_RT_U_Net_32  0.03237482
NRMSE_MASK   2     ./results/results_output_real_RT_U_Net_32  0.05209605
NRMSE        3     ./results/results_output_real_RT_U_Net_32  0.037670966
NRMSE_MASK   3     ./results/results_output_real_RT_U_Net_32  0.060919777
NRMSE        4     ./results/results_output_real_RT_U_Net_32  0.041306175
NRMSE_MASK   4     ./results/results_output_real_RT_U_Net_32  0.06719229
NRMSE        5     ./results/results_output_real_RT_U_Net_32  0.044648994
NRMSE_MASK   5     ./results/results_output_real_RT_U_Net_32  0.072915025
NRMSE        6     ./results/results_output_real_RT_U_Net_32  0.048109487
NRMSE_MASK   6     ./results/results_output_real_RT_U_Net_32  0.07880814
NRMSE        7     ./results/results_output_real_RT_U_Net_32  0.05170621
NRMSE_MASK   7     ./results/results_output_real_RT_U_Net_32  0.08459784
NRMSE        8     ./results/results_output_real_RT_U_Net_32  0.055171903
NRMSE_MASK   8     ./results/results_output_real_RT_U_Net_32  0.09001898
NRMSE        9     ./results/results_output_real_RT_U_Net_32  0.05866313
NRMSE_MASK   9     ./results/results_output_real_RT_U_Net_32  0.09519941
NRMSE        10     ./results/results_output_real_RT_U_Net_32  0.062259354
NRMSE_MASK   10     ./results/results_output_real_RT_U_Net_32  0.10034894
NRMSE        11     ./results/results_output_real_RT_U_Net_32  0.065776244
NRMSE_MASK   11     ./results/results_output_real_RT_U_Net_32  0.105294414
NRMSE        12     ./results/results_output_real_RT_U_Net_32  0.06948662
NRMSE_MASK   12     ./results/results_output_real_RT_U_Net_32  0.11052266
NRMSE        13     ./results/results_output_real_RT_U_Net_32  0.0730941
NRMSE_MASK   13     ./results/results_output_real_RT_U_Net_32  0.11542295
NRMSE        14     ./results/results_output_real_RT_U_Net_32  0.07667402
NRMSE_MASK   14     ./results/results_output_real_RT_U_Net_32  0.12020013
NRMSE        15     ./results/results_output_real_RT_U_Net_32  0.08015204
NRMSE_MASK   15     ./results/results_output_real_RT_U_Net_32  0.124814324
NRMSE        16     ./results/results_output_real_RT_U_Net_32  0.08379255
NRMSE_MASK   16     ./results/results_output_real_RT_U_Net_32  0.12964925
NRMSE        17     ./results/results_output_real_RT_U_Net_32  0.087285586
NRMSE_MASK   17     ./results/results_output_real_RT_U_Net_32  0.1342257
NRMSE        18     ./results/results_output_real_RT_U_Net_32  0.08983312
NRMSE_MASK   18     ./results/results_output_real_RT_U_Net_32  0.1373793
NRMSE        19     ./results/results_output_real_RT_U_Net_32  0.09171936
NRMSE_MASK   19     ./results/results_output_real_RT_U_Net_32  0.13964613
NRMSE        20     ./results/results_output_real_RT_U_Net_32  0.09324147
NRMSE_MASK   20     ./results/results_output_real_RT_U_Net_32  0.14148657
NRMSE        21     ./results/results_output_real_RT_U_Net_32  0.09441176
NRMSE_MASK   21     ./results/results_output_real_RT_U_Net_32  0.14295118
NRMSE        22     ./results/results_output_real_RT_U_Net_32  0.09532286
NRMSE_MASK   22     ./results/results_output_real_RT_U_Net_32  0.1440623
NRMSE        23     ./results/results_output_real_RT_U_Net_32  0.09598522
NRMSE_MASK   23     ./results/results_output_real_RT_U_Net_32  0.1450966
NRMSE        24     ./results/results_output_real_RT_U_Net_32  0.09631553
NRMSE_MASK   24     ./results/results_output_real_RT_U_Net_32  0.14573395
NRMSE        25     ./results/results_output_real_RT_U_Net_32  0.09646214
NRMSE_MASK   25     ./results/results_output_real_RT_U_Net_32  0.14621466
NRMSE        26     ./results/results_output_real_RT_U_Net_32  0.09649256
NRMSE_MASK   26     ./results/results_output_real_RT_U_Net_32  0.14653894
NRMSE        27     ./results/results_output_real_RT_U_Net_32  0.096400045
NRMSE_MASK   27     ./results/results_output_real_RT_U_Net_32  0.14669847
NRMSE        28     ./results/results_output_real_RT_U_Net_32  0.09621108
NRMSE_MASK   28     ./results/results_output_real_RT_U_Net_32  0.14669465
NRMSE        29     ./results/results_output_real_RT_U_Net_32  0.09593249
NRMSE_MASK   29     ./results/results_output_real_RT_U_Net_32  0.14658074
NRMSE        30     ./results/results_output_real_RT_U_Net_32  0.095573165
NRMSE_MASK   30     ./results/results_output_real_RT_U_Net_32  0.14629143
NRMSE        31     ./results/results_output_real_RT_U_Net_32  0.095158435
NRMSE_MASK   31     ./results/results_output_real_RT_U_Net_32  0.1459758
NRMSE        0     ./results/results_output_imag_RT_U_Net_32  0.016828962
NRMSE_MASK   0     ./results/results_output_imag_RT_U_Net_32  0.026980646
NRMSE        1     ./results/results_output_imag_RT_U_Net_32  0.024848102
NRMSE_MASK   1     ./results/results_output_imag_RT_U_Net_32  0.040371753
NRMSE        2     ./results/results_output_imag_RT_U_Net_32  0.032590125
NRMSE_MASK   2     ./results/results_output_imag_RT_U_Net_32  0.053398006
NRMSE        3     ./results/results_output_imag_RT_U_Net_32  0.037384626
NRMSE_MASK   3     ./results/results_output_imag_RT_U_Net_32  0.061912213
NRMSE        4     ./results/results_output_imag_RT_U_Net_32  0.041484825
NRMSE_MASK   4     ./results/results_output_imag_RT_U_Net_32  0.06918049
NRMSE        5     ./results/results_output_imag_RT_U_Net_32  0.044789124
NRMSE_MASK   5     ./results/results_output_imag_RT_U_Net_32  0.07511794
NRMSE        6     ./results/results_output_imag_RT_U_Net_32  0.04851407
NRMSE_MASK   6     ./results/results_output_imag_RT_U_Net_32  0.081581615
NRMSE        7     ./results/results_output_imag_RT_U_Net_32  0.051889185
NRMSE_MASK   7     ./results/results_output_imag_RT_U_Net_32  0.08731106
NRMSE        8     ./results/results_output_imag_RT_U_Net_32  0.055475686
NRMSE_MASK   8     ./results/results_output_imag_RT_U_Net_32  0.09302904
NRMSE        9     ./results/results_output_imag_RT_U_Net_32  0.058936935
NRMSE_MASK   9     ./results/results_output_imag_RT_U_Net_32  0.09826413
NRMSE        10     ./results/results_output_imag_RT_U_Net_32  0.06255965
NRMSE_MASK   10     ./results/results_output_imag_RT_U_Net_32  0.10360602
NRMSE        11     ./results/results_output_imag_RT_U_Net_32  0.06606847
NRMSE_MASK   11     ./results/results_output_imag_RT_U_Net_32  0.108702965
NRMSE        12     ./results/results_output_imag_RT_U_Net_32  0.06962187
NRMSE_MASK   12     ./results/results_output_imag_RT_U_Net_32  0.11375586
NRMSE        13     ./results/results_output_imag_RT_U_Net_32  0.07314986
NRMSE_MASK   13     ./results/results_output_imag_RT_U_Net_32  0.118598245
NRMSE        14     ./results/results_output_imag_RT_U_Net_32  0.07669671
NRMSE_MASK   14     ./results/results_output_imag_RT_U_Net_32  0.123344034
NRMSE        15     ./results/results_output_imag_RT_U_Net_32  0.08022356
NRMSE_MASK   15     ./results/results_output_imag_RT_U_Net_32  0.12795472
NRMSE        16     ./results/results_output_imag_RT_U_Net_32  0.08387058
NRMSE_MASK   16     ./results/results_output_imag_RT_U_Net_32  0.13271448
NRMSE        17     ./results/results_output_imag_RT_U_Net_32  0.08728915
NRMSE_MASK   17     ./results/results_output_imag_RT_U_Net_32  0.13701345
NRMSE        18     ./results/results_output_imag_RT_U_Net_32  0.089850314
NRMSE_MASK   18     ./results/results_output_imag_RT_U_Net_32  0.13996597
NRMSE        19     ./results/results_output_imag_RT_U_Net_32  0.09180671
NRMSE_MASK   19     ./results/results_output_imag_RT_U_Net_32  0.14212695
NRMSE        20     ./results/results_output_imag_RT_U_Net_32  0.093400516
NRMSE_MASK   20     ./results/results_output_imag_RT_U_Net_32  0.14392206
NRMSE        21     ./results/results_output_imag_RT_U_Net_32  0.09460177
NRMSE_MASK   21     ./results/results_output_imag_RT_U_Net_32  0.14525804
NRMSE        22     ./results/results_output_imag_RT_U_Net_32  0.09551358
NRMSE_MASK   22     ./results/results_output_imag_RT_U_Net_32  0.14624955
NRMSE        23     ./results/results_output_imag_RT_U_Net_32  0.09611605
NRMSE_MASK   23     ./results/results_output_imag_RT_U_Net_32  0.14696465
NRMSE        24     ./results/results_output_imag_RT_U_Net_32  0.09646809
NRMSE_MASK   24     ./results/results_output_imag_RT_U_Net_32  0.14742933
NRMSE        25     ./results/results_output_imag_RT_U_Net_32  0.09662424
NRMSE_MASK   25     ./results/results_output_imag_RT_U_Net_32  0.1477246
NRMSE        26     ./results/results_output_imag_RT_U_Net_32  0.096660085
NRMSE_MASK   26     ./results/results_output_imag_RT_U_Net_32  0.1478677
NRMSE        27     ./results/results_output_imag_RT_U_Net_32  0.09657483
NRMSE_MASK   27     ./results/results_output_imag_RT_U_Net_32  0.1478446
NRMSE        28     ./results/results_output_imag_RT_U_Net_32  0.09638686
NRMSE_MASK   28     ./results/results_output_imag_RT_U_Net_32  0.14768521
NRMSE        29     ./results/results_output_imag_RT_U_Net_32  0.09611071
NRMSE_MASK   29     ./results/results_output_imag_RT_U_Net_32  0.14743116
NRMSE        30     ./results/results_output_imag_RT_U_Net_32  0.095752195
NRMSE_MASK   30     ./results/results_output_imag_RT_U_Net_32  0.1470299
NRMSE        31     ./results/results_output_imag_RT_U_Net_32  0.09534085
NRMSE_MASK   31     ./results/results_output_imag_RT_U_Net_32  0.14659318
NRMSE        0     ./results/results_output_rt_RT_VAE_32  0.051713947
NRMSE_MASK   0     ./results/results_output_rt_RT_VAE_32  0.05219137
NRMSE        1     ./results/results_output_rt_RT_VAE_32  0.058060624
NRMSE_MASK   1     ./results/results_output_rt_RT_VAE_32  0.058461364
NRMSE        2     ./results/results_output_rt_RT_VAE_32  0.0676876
NRMSE_MASK   2     ./results/results_output_rt_RT_VAE_32  0.06814363
NRMSE        3     ./results/results_output_rt_RT_VAE_32  0.07677609
NRMSE_MASK   3     ./results/results_output_rt_RT_VAE_32  0.07726829
NRMSE        4     ./results/results_output_rt_RT_VAE_32  0.08531598
NRMSE_MASK   4     ./results/results_output_rt_RT_VAE_32  0.08584982
NRMSE        5     ./results/results_output_rt_RT_VAE_32  0.09314638
NRMSE_MASK   5     ./results/results_output_rt_RT_VAE_32  0.09371605
NRMSE        6     ./results/results_output_rt_RT_VAE_32  0.100395374
NRMSE_MASK   6     ./results/results_output_rt_RT_VAE_32  0.10099889
NRMSE        7     ./results/results_output_rt_RT_VAE_32  0.10719141
NRMSE_MASK   7     ./results/results_output_rt_RT_VAE_32  0.107824765
NRMSE        8     ./results/results_output_rt_RT_VAE_32  0.11358757
NRMSE_MASK   8     ./results/results_output_rt_RT_VAE_32  0.11424861
NRMSE        9     ./results/results_output_rt_RT_VAE_32  0.119633675
NRMSE_MASK   9     ./results/results_output_rt_RT_VAE_32  0.12032091
NRMSE        10     ./results/results_output_rt_RT_VAE_32  0.12535621
NRMSE_MASK   10     ./results/results_output_rt_RT_VAE_32  0.1260688
NRMSE        11     ./results/results_output_rt_RT_VAE_32  0.13083507
NRMSE_MASK   11     ./results/results_output_rt_RT_VAE_32  0.13157314
NRMSE        12     ./results/results_output_rt_RT_VAE_32  0.13614525
NRMSE_MASK   12     ./results/results_output_rt_RT_VAE_32  0.13690811
NRMSE        13     ./results/results_output_rt_RT_VAE_32  0.14125903
NRMSE_MASK   13     ./results/results_output_rt_RT_VAE_32  0.14204541
NRMSE        14     ./results/results_output_rt_RT_VAE_32  0.14615735
NRMSE_MASK   14     ./results/results_output_rt_RT_VAE_32  0.1469653
NRMSE        15     ./results/results_output_rt_RT_VAE_32  0.15085207
NRMSE_MASK   15     ./results/results_output_rt_RT_VAE_32  0.1516805
NRMSE        16     ./results/results_output_rt_RT_VAE_32  0.15539584
NRMSE_MASK   16     ./results/results_output_rt_RT_VAE_32  0.15624426
NRMSE        17     ./results/results_output_rt_RT_VAE_32  0.15866509
NRMSE_MASK   17     ./results/results_output_rt_RT_VAE_32  0.15952827
NRMSE        18     ./results/results_output_rt_RT_VAE_32  0.1599979
NRMSE_MASK   18     ./results/results_output_rt_RT_VAE_32  0.16086721
NRMSE        19     ./results/results_output_rt_RT_VAE_32  0.1604869
NRMSE_MASK   19     ./results/results_output_rt_RT_VAE_32  0.16135812
NRMSE        20     ./results/results_output_rt_RT_VAE_32  0.16043057
NRMSE_MASK   20     ./results/results_output_rt_RT_VAE_32  0.1613007
NRMSE        21     ./results/results_output_rt_RT_VAE_32  0.15993269
NRMSE_MASK   21     ./results/results_output_rt_RT_VAE_32  0.16079983
NRMSE        22     ./results/results_output_rt_RT_VAE_32  0.15907137
NRMSE_MASK   22     ./results/results_output_rt_RT_VAE_32  0.15993434
NRMSE        23     ./results/results_output_rt_RT_VAE_32  0.15790676
NRMSE_MASK   23     ./results/results_output_rt_RT_VAE_32  0.15876445
NRMSE        24     ./results/results_output_rt_RT_VAE_32  0.15657201
NRMSE_MASK   24     ./results/results_output_rt_RT_VAE_32  0.15742387
NRMSE        25     ./results/results_output_rt_RT_VAE_32  0.15526445
NRMSE_MASK   25     ./results/results_output_rt_RT_VAE_32  0.15611006
NRMSE        26     ./results/results_output_rt_RT_VAE_32  0.1539999
NRMSE_MASK   26     ./results/results_output_rt_RT_VAE_32  0.1548389
NRMSE        27     ./results/results_output_rt_RT_VAE_32  0.15279195
NRMSE_MASK   27     ./results/results_output_rt_RT_VAE_32  0.15362439
NRMSE        28     ./results/results_output_rt_RT_VAE_32  0.15160273
NRMSE_MASK   28     ./results/results_output_rt_RT_VAE_32  0.15242821
NRMSE        29     ./results/results_output_rt_RT_VAE_32  0.15043545
NRMSE_MASK   29     ./results/results_output_rt_RT_VAE_32  0.15125388
NRMSE        30     ./results/results_output_rt_RT_VAE_32  0.1492874
NRMSE_MASK   30     ./results/results_output_rt_RT_VAE_32  0.15009873
NRMSE        31     ./results/results_output_rt_RT_VAE_32  0.14815433
NRMSE_MASK   31     ./results/results_output_rt_RT_VAE_32  0.14895861
NRMSE        0     ./results/results_output_real_RT_VAE_32  0.038715344
NRMSE_MASK   0     ./results/results_output_real_RT_VAE_32  0.47461575
NRMSE        1     ./results/results_output_real_RT_VAE_32  0.072256394
NRMSE_MASK   1     ./results/results_output_real_RT_VAE_32  0.6576703
NRMSE        2     ./results/results_output_real_RT_VAE_32  0.092288636
NRMSE_MASK   2     ./results/results_output_real_RT_VAE_32  0.67349106
NRMSE        3     ./results/results_output_real_RT_VAE_32  0.10697842
NRMSE_MASK   3     ./results/results_output_real_RT_VAE_32  0.66250575
NRMSE        4     ./results/results_output_real_RT_VAE_32  0.118720524
NRMSE_MASK   4     ./results/results_output_real_RT_VAE_32  0.64771366
NRMSE        5     ./results/results_output_real_RT_VAE_32  0.1285701
NRMSE_MASK   5     ./results/results_output_real_RT_VAE_32  0.63422745
NRMSE        6     ./results/results_output_real_RT_VAE_32  0.13708335
NRMSE_MASK   6     ./results/results_output_real_RT_VAE_32  0.6206798
NRMSE        7     ./results/results_output_real_RT_VAE_32  0.14459707
NRMSE_MASK   7     ./results/results_output_real_RT_VAE_32  0.60881764
NRMSE        8     ./results/results_output_real_RT_VAE_32  0.1513118
NRMSE_MASK   8     ./results/results_output_real_RT_VAE_32  0.59795797
NRMSE        9     ./results/results_output_real_RT_VAE_32  0.15740834
NRMSE_MASK   9     ./results/results_output_real_RT_VAE_32  0.58786803
NRMSE        10     ./results/results_output_real_RT_VAE_32  0.16297701
NRMSE_MASK   10     ./results/results_output_real_RT_VAE_32  0.5786702
NRMSE        11     ./results/results_output_real_RT_VAE_32  0.16810179
NRMSE_MASK   11     ./results/results_output_real_RT_VAE_32  0.57019293
NRMSE        12     ./results/results_output_real_RT_VAE_32  0.17283274
NRMSE_MASK   12     ./results/results_output_real_RT_VAE_32  0.5623346
NRMSE        13     ./results/results_output_real_RT_VAE_32  0.17723994
NRMSE_MASK   13     ./results/results_output_real_RT_VAE_32  0.55502766
NRMSE        14     ./results/results_output_real_RT_VAE_32  0.18135309
NRMSE_MASK   14     ./results/results_output_real_RT_VAE_32  0.54814285
NRMSE        15     ./results/results_output_real_RT_VAE_32  0.18521838
NRMSE_MASK   15     ./results/results_output_real_RT_VAE_32  0.54162264
NRMSE        16     ./results/results_output_real_RT_VAE_32  0.18885823
NRMSE_MASK   16     ./results/results_output_real_RT_VAE_32  0.53703725
NRMSE        17     ./results/results_output_real_RT_VAE_32  0.19111697
NRMSE_MASK   17     ./results/results_output_real_RT_VAE_32  0.5327496
NRMSE        18     ./results/results_output_real_RT_VAE_32  0.1913374
NRMSE_MASK   18     ./results/results_output_real_RT_VAE_32  0.52723366
NRMSE        19     ./results/results_output_real_RT_VAE_32  0.19060285
NRMSE_MASK   19     ./results/results_output_real_RT_VAE_32  0.52277654
NRMSE        20     ./results/results_output_real_RT_VAE_32  0.18925832
NRMSE_MASK   20     ./results/results_output_real_RT_VAE_32  0.51887894
NRMSE        21     ./results/results_output_real_RT_VAE_32  0.1874782
NRMSE_MASK   21     ./results/results_output_real_RT_VAE_32  0.51541126
NRMSE        22     ./results/results_output_real_RT_VAE_32  0.18536632
NRMSE_MASK   22     ./results/results_output_real_RT_VAE_32  0.51227295
NRMSE        23     ./results/results_output_real_RT_VAE_32  0.18299292
NRMSE_MASK   23     ./results/results_output_real_RT_VAE_32  0.5093666
NRMSE        24     ./results/results_output_real_RT_VAE_32  0.18048555
NRMSE_MASK   24     ./results/results_output_real_RT_VAE_32  0.50658673
NRMSE        25     ./results/results_output_real_RT_VAE_32  0.17805973
NRMSE_MASK   25     ./results/results_output_real_RT_VAE_32  0.5041642
NRMSE        26     ./results/results_output_real_RT_VAE_32  0.17572156
NRMSE_MASK   26     ./results/results_output_real_RT_VAE_32  0.5019225
NRMSE        27     ./results/results_output_real_RT_VAE_32  0.17345847
NRMSE_MASK   27     ./results/results_output_real_RT_VAE_32  0.4998295
NRMSE        28     ./results/results_output_real_RT_VAE_32  0.17126355
NRMSE_MASK   28     ./results/results_output_real_RT_VAE_32  0.49784902
NRMSE        29     ./results/results_output_real_RT_VAE_32  0.16913606
NRMSE_MASK   29     ./results/results_output_real_RT_VAE_32  0.4959839
NRMSE        30     ./results/results_output_real_RT_VAE_32  0.1670674
NRMSE_MASK   30     ./results/results_output_real_RT_VAE_32  0.49422857
NRMSE        31     ./results/results_output_real_RT_VAE_32  0.16506062
NRMSE_MASK   31     ./results/results_output_real_RT_VAE_32  0.4930681
NRMSE        0     ./results/results_output_imag_RT_VAE_32  0.03976395
NRMSE_MASK   0     ./results/results_output_imag_RT_VAE_32  0.47579852
NRMSE        1     ./results/results_output_imag_RT_VAE_32  0.072727926
NRMSE_MASK   1     ./results/results_output_imag_RT_VAE_32  0.64972794
NRMSE        2     ./results/results_output_imag_RT_VAE_32  0.09267076
NRMSE_MASK   2     ./results/results_output_imag_RT_VAE_32  0.66465604
NRMSE        3     ./results/results_output_imag_RT_VAE_32  0.107354134
NRMSE_MASK   3     ./results/results_output_imag_RT_VAE_32  0.65383565
NRMSE        4     ./results/results_output_imag_RT_VAE_32  0.11910373
NRMSE_MASK   4     ./results/results_output_imag_RT_VAE_32  0.641036
NRMSE        5     ./results/results_output_imag_RT_VAE_32  0.128967
NRMSE_MASK   5     ./results/results_output_imag_RT_VAE_32  0.62729424
NRMSE        6     ./results/results_output_imag_RT_VAE_32  0.13748544
NRMSE_MASK   6     ./results/results_output_imag_RT_VAE_32  0.614218
NRMSE        7     ./results/results_output_imag_RT_VAE_32  0.14498818
NRMSE_MASK   7     ./results/results_output_imag_RT_VAE_32  0.60234904
NRMSE        8     ./results/results_output_imag_RT_VAE_32  0.15172878
NRMSE_MASK   8     ./results/results_output_imag_RT_VAE_32  0.5916886
NRMSE        9     ./results/results_output_imag_RT_VAE_32  0.15783723
NRMSE_MASK   9     ./results/results_output_imag_RT_VAE_32  0.5819239
NRMSE        10     ./results/results_output_imag_RT_VAE_32  0.16341664
NRMSE_MASK   10     ./results/results_output_imag_RT_VAE_32  0.5730009
NRMSE        11     ./results/results_output_imag_RT_VAE_32  0.16854785
NRMSE_MASK   11     ./results/results_output_imag_RT_VAE_32  0.5647866
NRMSE        12     ./results/results_output_imag_RT_VAE_32  0.17329769
NRMSE_MASK   12     ./results/results_output_imag_RT_VAE_32  0.5572254
NRMSE        13     ./results/results_output_imag_RT_VAE_32  0.17771661
NRMSE_MASK   13     ./results/results_output_imag_RT_VAE_32  0.55022615
NRMSE        14     ./results/results_output_imag_RT_VAE_32  0.18184485
NRMSE_MASK   14     ./results/results_output_imag_RT_VAE_32  0.54363906
NRMSE        15     ./results/results_output_imag_RT_VAE_32  0.18571998
NRMSE_MASK   15     ./results/results_output_imag_RT_VAE_32  0.5374328
NRMSE        16     ./results/results_output_imag_RT_VAE_32  0.1893636
NRMSE_MASK   16     ./results/results_output_imag_RT_VAE_32  0.5331456
NRMSE        17     ./results/results_output_imag_RT_VAE_32  0.19159895
NRMSE_MASK   17     ./results/results_output_imag_RT_VAE_32  0.5290248
NRMSE        18     ./results/results_output_imag_RT_VAE_32  0.19181928
NRMSE_MASK   18     ./results/results_output_imag_RT_VAE_32  0.5236913
NRMSE        19     ./results/results_output_imag_RT_VAE_32  0.19108498
NRMSE_MASK   19     ./results/results_output_imag_RT_VAE_32  0.51943207
NRMSE        20     ./results/results_output_imag_RT_VAE_32  0.18974017
NRMSE_MASK   20     ./results/results_output_imag_RT_VAE_32  0.5156997
NRMSE        21     ./results/results_output_imag_RT_VAE_32  0.18795718
NRMSE_MASK   21     ./results/results_output_imag_RT_VAE_32  0.51239216
NRMSE        22     ./results/results_output_imag_RT_VAE_32  0.1858395
NRMSE_MASK   22     ./results/results_output_imag_RT_VAE_32  0.50941503
NRMSE        23     ./results/results_output_imag_RT_VAE_32  0.18346085
NRMSE_MASK   23     ./results/results_output_imag_RT_VAE_32  0.50663584
NRMSE        24     ./results/results_output_imag_RT_VAE_32  0.18094978
NRMSE_MASK   24     ./results/results_output_imag_RT_VAE_32  0.50402933
NRMSE        25     ./results/results_output_imag_RT_VAE_32  0.17851663
NRMSE_MASK   25     ./results/results_output_imag_RT_VAE_32  0.5017395
NRMSE        26     ./results/results_output_imag_RT_VAE_32  0.17617236
NRMSE_MASK   26     ./results/results_output_imag_RT_VAE_32  0.49962816
NRMSE        27     ./results/results_output_imag_RT_VAE_32  0.1739042
NRMSE_MASK   27     ./results/results_output_imag_RT_VAE_32  0.49766284
NRMSE        28     ./results/results_output_imag_RT_VAE_32  0.17170396
NRMSE_MASK   28     ./results/results_output_imag_RT_VAE_32  0.49579993
NRMSE        29     ./results/results_output_imag_RT_VAE_32  0.16956997
NRMSE_MASK   29     ./results/results_output_imag_RT_VAE_32  0.49404693
NRMSE        30     ./results/results_output_imag_RT_VAE_32  0.16749552
NRMSE_MASK   30     ./results/results_output_imag_RT_VAE_32  0.49240017
NRMSE        31     ./results/results_output_imag_RT_VAE_32  0.16548474
NRMSE_MASK   31     ./results/results_output_imag_RT_VAE_32  0.4913061
NRMSE        0     ./results/results_output_rt_RT_DeepLab_32  0.14401737
NRMSE_MASK   0     ./results/results_output_rt_RT_DeepLab_32  0.14401737
NRMSE        1     ./results/results_output_rt_RT_DeepLab_32  0.16609356
NRMSE_MASK   1     ./results/results_output_rt_RT_DeepLab_32  0.16609356
NRMSE        2     ./results/results_output_rt_RT_DeepLab_32  0.18772809
NRMSE_MASK   2     ./results/results_output_rt_RT_DeepLab_32  0.18772809
NRMSE        3     ./results/results_output_rt_RT_DeepLab_32  0.1988935
NRMSE_MASK   3     ./results/results_output_rt_RT_DeepLab_32  0.19889781
NRMSE        4     ./results/results_output_rt_RT_DeepLab_32  0.21462698
NRMSE_MASK   4     ./results/results_output_rt_RT_DeepLab_32  0.21463075
NRMSE        5     ./results/results_output_rt_RT_DeepLab_32  0.21950433
NRMSE_MASK   5     ./results/results_output_rt_RT_DeepLab_32  0.21950771
NRMSE        6     ./results/results_output_rt_RT_DeepLab_32  0.2267486
NRMSE_MASK   6     ./results/results_output_rt_RT_DeepLab_32  0.22675191
NRMSE        7     ./results/results_output_rt_RT_DeepLab_32  0.22877723
NRMSE_MASK   7     ./results/results_output_rt_RT_DeepLab_32  0.22878022
NRMSE        8     ./results/results_output_rt_RT_DeepLab_32  0.2345505
NRMSE_MASK   8     ./results/results_output_rt_RT_DeepLab_32  0.23455332
NRMSE        9     ./results/results_output_rt_RT_DeepLab_32  0.23632412
NRMSE_MASK   9     ./results/results_output_rt_RT_DeepLab_32  0.23632687
NRMSE        10     ./results/results_output_rt_RT_DeepLab_32  0.24147533
NRMSE_MASK   10     ./results/results_output_rt_RT_DeepLab_32  0.24147847
NRMSE        11     ./results/results_output_rt_RT_DeepLab_32  0.24244101
NRMSE_MASK   11     ./results/results_output_rt_RT_DeepLab_32  0.24244453
NRMSE        12     ./results/results_output_rt_RT_DeepLab_32  0.24660079
NRMSE_MASK   12     ./results/results_output_rt_RT_DeepLab_32  0.24660419
NRMSE        13     ./results/results_output_rt_RT_DeepLab_32  0.24759737
NRMSE_MASK   13     ./results/results_output_rt_RT_DeepLab_32  0.24760105
NRMSE        14     ./results/results_output_rt_RT_DeepLab_32  0.25104123
NRMSE_MASK   14     ./results/results_output_rt_RT_DeepLab_32  0.25104487
NRMSE        15     ./results/results_output_rt_RT_DeepLab_32  0.2518913
NRMSE_MASK   15     ./results/results_output_rt_RT_DeepLab_32  0.25189513
NRMSE        16     ./results/results_output_rt_RT_DeepLab_32  0.25468606
NRMSE_MASK   16     ./results/results_output_rt_RT_DeepLab_32  0.25468987
NRMSE        17     ./results/results_output_rt_RT_DeepLab_32  0.25550863
NRMSE_MASK   17     ./results/results_output_rt_RT_DeepLab_32  0.25551254
NRMSE        18     ./results/results_output_rt_RT_DeepLab_32  0.25758535
NRMSE_MASK   18     ./results/results_output_rt_RT_DeepLab_32  0.25758916
NRMSE        19     ./results/results_output_rt_RT_DeepLab_32  0.25798243
NRMSE_MASK   19     ./results/results_output_rt_RT_DeepLab_32  0.25798607
NRMSE        20     ./results/results_output_rt_RT_DeepLab_32  0.25930268
NRMSE_MASK   20     ./results/results_output_rt_RT_DeepLab_32  0.25930628
NRMSE        21     ./results/results_output_rt_RT_DeepLab_32  0.25927794
NRMSE_MASK   21     ./results/results_output_rt_RT_DeepLab_32  0.2592814
NRMSE        22     ./results/results_output_rt_RT_DeepLab_32  0.26024282
NRMSE_MASK   22     ./results/results_output_rt_RT_DeepLab_32  0.2602463
NRMSE        23     ./results/results_output_rt_RT_DeepLab_32  0.25987414
NRMSE_MASK   23     ./results/results_output_rt_RT_DeepLab_32  0.2598776
NRMSE        24     ./results/results_output_rt_RT_DeepLab_32  0.2606093
NRMSE_MASK   24     ./results/results_output_rt_RT_DeepLab_32  0.26061273
NRMSE        25     ./results/results_output_rt_RT_DeepLab_32  0.2601248
NRMSE_MASK   25     ./results/results_output_rt_RT_DeepLab_32  0.2601282
NRMSE        26     ./results/results_output_rt_RT_DeepLab_32  0.26082692
NRMSE_MASK   26     ./results/results_output_rt_RT_DeepLab_32  0.26083037
NRMSE        27     ./results/results_output_rt_RT_DeepLab_32  0.26044476
NRMSE_MASK   27     ./results/results_output_rt_RT_DeepLab_32  0.26044834
NRMSE        28     ./results/results_output_rt_RT_DeepLab_32  0.26111025
NRMSE_MASK   28     ./results/results_output_rt_RT_DeepLab_32  0.2611139
NRMSE        29     ./results/results_output_rt_RT_DeepLab_32  0.26072332
NRMSE_MASK   29     ./results/results_output_rt_RT_DeepLab_32  0.26072708
NRMSE        30     ./results/results_output_rt_RT_DeepLab_32  0.26135287
NRMSE_MASK   30     ./results/results_output_rt_RT_DeepLab_32  0.2613566
NRMSE        31     ./results/results_output_rt_RT_DeepLab_32  0.26096943
NRMSE_MASK   31     ./results/results_output_rt_RT_DeepLab_32  0.26097313
NRMSE        0     ./results/results_output_real_RT_DeepLab_32  0.038722735
NRMSE_MASK   0     ./results/results_output_real_RT_DeepLab_32  0.23067558
NRMSE        1     ./results/results_output_real_RT_DeepLab_32  0.0722588
NRMSE_MASK   1     ./results/results_output_real_RT_DeepLab_32  0.41974437
NRMSE        2     ./results/results_output_real_RT_DeepLab_32  0.092290156
NRMSE_MASK   2     ./results/results_output_real_RT_DeepLab_32  0.5101849
NRMSE        3     ./results/results_output_real_RT_DeepLab_32  0.10697967
NRMSE_MASK   3     ./results/results_output_real_RT_DeepLab_32  0.550447
NRMSE        4     ./results/results_output_real_RT_DeepLab_32  0.11872163
NRMSE_MASK   4     ./results/results_output_real_RT_DeepLab_32  0.5674117
NRMSE        5     ./results/results_output_real_RT_DeepLab_32  0.12857102
NRMSE_MASK   5     ./results/results_output_real_RT_DeepLab_32  0.57419163
NRMSE        6     ./results/results_output_real_RT_DeepLab_32  0.13708417
NRMSE_MASK   6     ./results/results_output_real_RT_DeepLab_32  0.57452774
NRMSE        7     ./results/results_output_real_RT_DeepLab_32  0.1445978
NRMSE_MASK   7     ./results/results_output_real_RT_DeepLab_32  0.5720755
NRMSE        8     ./results/results_output_real_RT_DeepLab_32  0.15131256
NRMSE_MASK   8     ./results/results_output_real_RT_DeepLab_32  0.5680002
NRMSE        9     ./results/results_output_real_RT_DeepLab_32  0.15740906
NRMSE_MASK   9     ./results/results_output_real_RT_DeepLab_32  0.56302375
NRMSE        10     ./results/results_output_real_RT_DeepLab_32  0.16297762
NRMSE_MASK   10     ./results/results_output_real_RT_DeepLab_32  0.5575542
NRMSE        11     ./results/results_output_real_RT_DeepLab_32  0.16810238
NRMSE_MASK   11     ./results/results_output_real_RT_DeepLab_32  0.55198365
NRMSE        12     ./results/results_output_real_RT_DeepLab_32  0.17283334
NRMSE_MASK   12     ./results/results_output_real_RT_DeepLab_32  0.5463707
NRMSE        13     ./results/results_output_real_RT_DeepLab_32  0.17724048
NRMSE_MASK   13     ./results/results_output_real_RT_DeepLab_32  0.540889
NRMSE        14     ./results/results_output_real_RT_DeepLab_32  0.18135357
NRMSE_MASK   14     ./results/results_output_real_RT_DeepLab_32  0.5354581
NRMSE        15     ./results/results_output_real_RT_DeepLab_32  0.18521889
NRMSE_MASK   15     ./results/results_output_real_RT_DeepLab_32  0.530159
NRMSE        16     ./results/results_output_real_RT_DeepLab_32  0.1888582
NRMSE_MASK   16     ./results/results_output_real_RT_DeepLab_32  0.526659
NRMSE        17     ./results/results_output_real_RT_DeepLab_32  0.19111526
NRMSE_MASK   17     ./results/results_output_real_RT_DeepLab_32  0.52321225
NRMSE        18     ./results/results_output_real_RT_DeepLab_32  0.19133572
NRMSE_MASK   18     ./results/results_output_real_RT_DeepLab_32  0.51832694
NRMSE        19     ./results/results_output_real_RT_DeepLab_32  0.19060138
NRMSE_MASK   19     ./results/results_output_real_RT_DeepLab_32  0.5142182
NRMSE        20     ./results/results_output_real_RT_DeepLab_32  0.1892569
NRMSE_MASK   20     ./results/results_output_real_RT_DeepLab_32  0.51053274
NRMSE        21     ./results/results_output_real_RT_DeepLab_32  0.18747686
NRMSE_MASK   21     ./results/results_output_real_RT_DeepLab_32  0.5072286
NRMSE        22     ./results/results_output_real_RT_DeepLab_32  0.18536504
NRMSE_MASK   22     ./results/results_output_real_RT_DeepLab_32  0.50418544
NRMSE        23     ./results/results_output_real_RT_DeepLab_32  0.18299167
NRMSE_MASK   23     ./results/results_output_real_RT_DeepLab_32  0.501346
NRMSE        24     ./results/results_output_real_RT_DeepLab_32  0.18048431
NRMSE_MASK   24     ./results/results_output_real_RT_DeepLab_32  0.49858797
NRMSE        25     ./results/results_output_real_RT_DeepLab_32  0.17805858
NRMSE_MASK   25     ./results/results_output_real_RT_DeepLab_32  0.49617955
NRMSE        26     ./results/results_output_real_RT_DeepLab_32  0.17572047
NRMSE_MASK   26     ./results/results_output_real_RT_DeepLab_32  0.4939255
NRMSE        27     ./results/results_output_real_RT_DeepLab_32  0.17345743
NRMSE_MASK   27     ./results/results_output_real_RT_DeepLab_32  0.49182254
NRMSE        28     ./results/results_output_real_RT_DeepLab_32  0.17126258
NRMSE_MASK   28     ./results/results_output_real_RT_DeepLab_32  0.4898014
NRMSE        29     ./results/results_output_real_RT_DeepLab_32  0.16913515
NRMSE_MASK   29     ./results/results_output_real_RT_DeepLab_32  0.4878976
NRMSE        30     ./results/results_output_real_RT_DeepLab_32  0.16706653
NRMSE_MASK   30     ./results/results_output_real_RT_DeepLab_32  0.48608398
NRMSE        31     ./results/results_output_real_RT_DeepLab_32  0.16505975
NRMSE_MASK   31     ./results/results_output_real_RT_DeepLab_32  0.48484176
NRMSE        0     ./results/results_output_imag_RT_DeepLab_32  0.039770026
NRMSE_MASK   0     ./results/results_output_imag_RT_DeepLab_32  0.44980222
NRMSE        1     ./results/results_output_imag_RT_DeepLab_32  0.07272992
NRMSE_MASK   1     ./results/results_output_imag_RT_DeepLab_32  0.62327534
NRMSE        2     ./results/results_output_imag_RT_DeepLab_32  0.09267203
NRMSE_MASK   2     ./results/results_output_imag_RT_DeepLab_32  0.6468076
NRMSE        3     ./results/results_output_imag_RT_DeepLab_32  0.107355066
NRMSE_MASK   3     ./results/results_output_imag_RT_DeepLab_32  0.6382929
NRMSE        4     ./results/results_output_imag_RT_DeepLab_32  0.1191045
NRMSE_MASK   4     ./results/results_output_imag_RT_DeepLab_32  0.62679
NRMSE        5     ./results/results_output_imag_RT_DeepLab_32  0.12896766
NRMSE_MASK   5     ./results/results_output_imag_RT_DeepLab_32  0.6141812
NRMSE        6     ./results/results_output_imag_RT_DeepLab_32  0.13748604
NRMSE_MASK   6     ./results/results_output_imag_RT_DeepLab_32  0.60246295
NRMSE        7     ./results/results_output_imag_RT_DeepLab_32  0.14498875
NRMSE_MASK   7     ./results/results_output_imag_RT_DeepLab_32  0.59168637
NRMSE        8     ./results/results_output_imag_RT_DeepLab_32  0.15172933
NRMSE_MASK   8     ./results/results_output_imag_RT_DeepLab_32  0.5819874
NRMSE        9     ./results/results_output_imag_RT_DeepLab_32  0.15783767
NRMSE_MASK   9     ./results/results_output_imag_RT_DeepLab_32  0.5729936
NRMSE        10     ./results/results_output_imag_RT_DeepLab_32  0.16341706
NRMSE_MASK   10     ./results/results_output_imag_RT_DeepLab_32  0.56484246
NRMSE        11     ./results/results_output_imag_RT_DeepLab_32  0.16854823
NRMSE_MASK   11     ./results/results_output_imag_RT_DeepLab_32  0.5572188
NRMSE        12     ./results/results_output_imag_RT_DeepLab_32  0.17329809
NRMSE_MASK   12     ./results/results_output_imag_RT_DeepLab_32  0.55021125
NRMSE        13     ./results/results_output_imag_RT_DeepLab_32  0.17771694
NRMSE_MASK   13     ./results/results_output_imag_RT_DeepLab_32  0.5436273
NRMSE        14     ./results/results_output_imag_RT_DeepLab_32  0.18184529
NRMSE_MASK   14     ./results/results_output_imag_RT_DeepLab_32  0.537447
NRMSE        15     ./results/results_output_imag_RT_DeepLab_32  0.18572031
NRMSE_MASK   15     ./results/results_output_imag_RT_DeepLab_32  0.5315693
NRMSE        16     ./results/results_output_imag_RT_DeepLab_32  0.1893637
NRMSE_MASK   16     ./results/results_output_imag_RT_DeepLab_32  0.5277489
NRMSE        17     ./results/results_output_imag_RT_DeepLab_32  0.19159816
NRMSE_MASK   17     ./results/results_output_imag_RT_DeepLab_32  0.5239936
NRMSE        18     ./results/results_output_imag_RT_DeepLab_32  0.19181854
NRMSE_MASK   18     ./results/results_output_imag_RT_DeepLab_32  0.51894534
NRMSE        19     ./results/results_output_imag_RT_DeepLab_32  0.19108428
NRMSE_MASK   19     ./results/results_output_imag_RT_DeepLab_32  0.5147496
NRMSE        20     ./results/results_output_imag_RT_DeepLab_32  0.18973951
NRMSE_MASK   20     ./results/results_output_imag_RT_DeepLab_32  0.5110109
NRMSE        21     ./results/results_output_imag_RT_DeepLab_32  0.18795653
NRMSE_MASK   21     ./results/results_output_imag_RT_DeepLab_32  0.5076445
NRMSE        22     ./results/results_output_imag_RT_DeepLab_32  0.18583888
NRMSE_MASK   22     ./results/results_output_imag_RT_DeepLab_32  0.5045986
NRMSE        23     ./results/results_output_imag_RT_DeepLab_32  0.18346031
NRMSE_MASK   23     ./results/results_output_imag_RT_DeepLab_32  0.5017168
NRMSE        24     ./results/results_output_imag_RT_DeepLab_32  0.18094923
NRMSE_MASK   24     ./results/results_output_imag_RT_DeepLab_32  0.4990086
NRMSE        25     ./results/results_output_imag_RT_DeepLab_32  0.17851613
NRMSE_MASK   25     ./results/results_output_imag_RT_DeepLab_32  0.4965963
NRMSE        26     ./results/results_output_imag_RT_DeepLab_32  0.17617185
NRMSE_MASK   26     ./results/results_output_imag_RT_DeepLab_32  0.49437484
NRMSE        27     ./results/results_output_imag_RT_DeepLab_32  0.1739038
NRMSE_MASK   27     ./results/results_output_imag_RT_DeepLab_32  0.49228337
NRMSE        28     ./results/results_output_imag_RT_DeepLab_32  0.17170352
NRMSE_MASK   28     ./results/results_output_imag_RT_DeepLab_32  0.49031
NRMSE        29     ./results/results_output_imag_RT_DeepLab_32  0.16956955
NRMSE_MASK   29     ./results/results_output_imag_RT_DeepLab_32  0.48842582
NRMSE        30     ./results/results_output_imag_RT_DeepLab_32  0.1674951
NRMSE_MASK   30     ./results/results_output_imag_RT_DeepLab_32  0.48665553
NRMSE        31     ./results/results_output_imag_RT_DeepLab_32  0.16548435
NRMSE_MASK   31     ./results/results_output_imag_RT_DeepLab_32  0.4854065
NRMSE        0     ./results/results_output_rt_RT_ViT_32  0.020351203
NRMSE_MASK   0     ./results/results_output_rt_RT_ViT_32  0.020351203
NRMSE        1     ./results/results_output_rt_RT_ViT_32  0.041765716
NRMSE_MASK   1     ./results/results_output_rt_RT_ViT_32  0.041765716
NRMSE        2     ./results/results_output_rt_RT_ViT_32  0.056606032
NRMSE_MASK   2     ./results/results_output_rt_RT_ViT_32  0.056606032
NRMSE        3     ./results/results_output_rt_RT_ViT_32  0.06851295
NRMSE_MASK   3     ./results/results_output_rt_RT_ViT_32  0.068600796
NRMSE        4     ./results/results_output_rt_RT_ViT_32  0.07873176
NRMSE_MASK   4     ./results/results_output_rt_RT_ViT_32  0.07885288
NRMSE        5     ./results/results_output_rt_RT_ViT_32  0.08768009
NRMSE_MASK   5     ./results/results_output_rt_RT_ViT_32  0.08782719
NRMSE        6     ./results/results_output_rt_RT_ViT_32  0.0956082
NRMSE_MASK   6     ./results/results_output_rt_RT_ViT_32  0.09578691
NRMSE        7     ./results/results_output_rt_RT_ViT_32  0.102833346
NRMSE_MASK   7     ./results/results_output_rt_RT_ViT_32  0.10306763
NRMSE        8     ./results/results_output_rt_RT_ViT_32  0.10949728
NRMSE_MASK   8     ./results/results_output_rt_RT_ViT_32  0.10982623
NRMSE        9     ./results/results_output_rt_RT_ViT_32  0.1157004
NRMSE_MASK   9     ./results/results_output_rt_RT_ViT_32  0.11610545
NRMSE        10     ./results/results_output_rt_RT_ViT_32  0.121533506
NRMSE_MASK   10     ./results/results_output_rt_RT_ViT_32  0.1219969
NRMSE        11     ./results/results_output_rt_RT_ViT_32  0.12704661
NRMSE_MASK   11     ./results/results_output_rt_RT_ViT_32  0.1275619
NRMSE        12     ./results/results_output_rt_RT_ViT_32  0.1323041
NRMSE_MASK   12     ./results/results_output_rt_RT_ViT_32  0.13286862
NRMSE        13     ./results/results_output_rt_RT_ViT_32  0.13733883
NRMSE_MASK   13     ./results/results_output_rt_RT_ViT_32  0.13794902
NRMSE        14     ./results/results_output_rt_RT_ViT_32  0.14216682
NRMSE_MASK   14     ./results/results_output_rt_RT_ViT_32  0.14281948
NRMSE        15     ./results/results_output_rt_RT_ViT_32  0.14679009
NRMSE_MASK   15     ./results/results_output_rt_RT_ViT_32  0.14748102
NRMSE        16     ./results/results_output_rt_RT_ViT_32  0.15127294
NRMSE_MASK   16     ./results/results_output_rt_RT_ViT_32  0.15199928
NRMSE        17     ./results/results_output_rt_RT_ViT_32  0.15459082
NRMSE_MASK   17     ./results/results_output_rt_RT_ViT_32  0.1553489
NRMSE        18     ./results/results_output_rt_RT_ViT_32  0.15610065
NRMSE_MASK   18     ./results/results_output_rt_RT_ViT_32  0.15688325
NRMSE        19     ./results/results_output_rt_RT_ViT_32  0.15675217
NRMSE_MASK   19     ./results/results_output_rt_RT_ViT_32  0.15755531
NRMSE        20     ./results/results_output_rt_RT_ViT_32  0.15683359
NRMSE_MASK   20     ./results/results_output_rt_RT_ViT_32  0.15765412
NRMSE        21     ./results/results_output_rt_RT_ViT_32  0.15647705
NRMSE_MASK   21     ./results/results_output_rt_RT_ViT_32  0.1573125
NRMSE        22     ./results/results_output_rt_RT_ViT_32  0.15577924
NRMSE_MASK   22     ./results/results_output_rt_RT_ViT_32  0.15662742
NRMSE        23     ./results/results_output_rt_RT_ViT_32  0.15479273
NRMSE_MASK   23     ./results/results_output_rt_RT_ViT_32  0.15565154
NRMSE        24     ./results/results_output_rt_RT_ViT_32  0.15362819
NRMSE_MASK   24     ./results/results_output_rt_RT_ViT_32  0.1544959
NRMSE        25     ./results/results_output_rt_RT_ViT_32  0.15247416
NRMSE_MASK   25     ./results/results_output_rt_RT_ViT_32  0.15334915
NRMSE        26     ./results/results_output_rt_RT_ViT_32  0.15134901
NRMSE_MASK   26     ./results/results_output_rt_RT_ViT_32  0.15223017
NRMSE        27     ./results/results_output_rt_RT_ViT_32  0.15026745
NRMSE_MASK   27     ./results/results_output_rt_RT_ViT_32  0.15115413
NRMSE        28     ./results/results_output_rt_RT_ViT_32  0.14919125
NRMSE_MASK   28     ./results/results_output_rt_RT_ViT_32  0.1500823
NRMSE        29     ./results/results_output_rt_RT_ViT_32  0.14812638
NRMSE_MASK   29     ./results/results_output_rt_RT_ViT_32  0.14902084
NRMSE        30     ./results/results_output_rt_RT_ViT_32  0.1470728
NRMSE_MASK   30     ./results/results_output_rt_RT_ViT_32  0.14796993
NRMSE        31     ./results/results_output_rt_RT_ViT_32  0.14602749
NRMSE_MASK   31     ./results/results_output_rt_RT_ViT_32  0.14692642
NRMSE        0     ./results/results_output_real_RT_ViT_32  0.038715404
NRMSE_MASK   0     ./results/results_output_real_RT_ViT_32  0.4746164
NRMSE        1     ./results/results_output_real_RT_ViT_32  0.07225641
NRMSE_MASK   1     ./results/results_output_real_RT_ViT_32  0.65767056
NRMSE        2     ./results/results_output_real_RT_ViT_32  0.092288636
NRMSE_MASK   2     ./results/results_output_real_RT_ViT_32  0.6734911
NRMSE        3     ./results/results_output_real_RT_ViT_32  0.10697847
NRMSE_MASK   3     ./results/results_output_real_RT_ViT_32  0.6606647
NRMSE        4     ./results/results_output_real_RT_ViT_32  0.118720554
NRMSE_MASK   4     ./results/results_output_real_RT_ViT_32  0.64588976
NRMSE        5     ./results/results_output_real_RT_ViT_32  0.1285701
NRMSE_MASK   5     ./results/results_output_real_RT_ViT_32  0.6325064
NRMSE        6     ./results/results_output_real_RT_ViT_32  0.13708337
NRMSE_MASK   6     ./results/results_output_real_RT_ViT_32  0.61909777
NRMSE        7     ./results/results_output_real_RT_ViT_32  0.14459707
NRMSE_MASK   7     ./results/results_output_real_RT_ViT_32  0.6073257
NRMSE        8     ./results/results_output_real_RT_ViT_32  0.15131181
NRMSE_MASK   8     ./results/results_output_real_RT_ViT_32  0.5966008
NRMSE        9     ./results/results_output_real_RT_ViT_32  0.15740834
NRMSE_MASK   9     ./results/results_output_real_RT_ViT_32  0.586675
NRMSE        10     ./results/results_output_real_RT_ViT_32  0.16297701
NRMSE_MASK   10     ./results/results_output_real_RT_ViT_32  0.5775996
NRMSE        11     ./results/results_output_real_RT_ViT_32  0.16810179
NRMSE_MASK   11     ./results/results_output_real_RT_ViT_32  0.56921726
NRMSE        12     ./results/results_output_real_RT_ViT_32  0.17283274
NRMSE_MASK   12     ./results/results_output_real_RT_ViT_32  0.5614266
NRMSE        13     ./results/results_output_real_RT_ViT_32  0.17723995
NRMSE_MASK   13     ./results/results_output_real_RT_ViT_32  0.5541853
NRMSE        14     ./results/results_output_real_RT_ViT_32  0.1813531
NRMSE_MASK   14     ./results/results_output_real_RT_ViT_32  0.54735565
NRMSE        15     ./results/results_output_real_RT_ViT_32  0.1852184
NRMSE_MASK   15     ./results/results_output_real_RT_ViT_32  0.54088324
NRMSE        16     ./results/results_output_real_RT_ViT_32  0.18885827
NRMSE_MASK   16     ./results/results_output_real_RT_ViT_32  0.5363414
NRMSE        17     ./results/results_output_real_RT_ViT_32  0.19111702
NRMSE_MASK   17     ./results/results_output_real_RT_ViT_32  0.53209126
NRMSE        18     ./results/results_output_real_RT_ViT_32  0.19133744
NRMSE_MASK   18     ./results/results_output_real_RT_ViT_32  0.5266054
NRMSE        19     ./results/results_output_real_RT_ViT_32  0.19060287
NRMSE_MASK   19     ./results/results_output_real_RT_ViT_32  0.5221756
NRMSE        20     ./results/results_output_real_RT_ViT_32  0.18925835
NRMSE_MASK   20     ./results/results_output_real_RT_ViT_32  0.51830214
NRMSE        21     ./results/results_output_real_RT_ViT_32  0.18747821
NRMSE_MASK   21     ./results/results_output_real_RT_ViT_32  0.5148562
NRMSE        22     ./results/results_output_real_RT_ViT_32  0.18536636
NRMSE_MASK   22     ./results/results_output_real_RT_ViT_32  0.51173747
NRMSE        23     ./results/results_output_real_RT_ViT_32  0.18299292
NRMSE_MASK   23     ./results/results_output_real_RT_ViT_32  0.5088474
NRMSE        24     ./results/results_output_real_RT_ViT_32  0.18048556
NRMSE_MASK   24     ./results/results_output_real_RT_ViT_32  0.5060799
NRMSE        25     ./results/results_output_real_RT_ViT_32  0.17805974
NRMSE_MASK   25     ./results/results_output_real_RT_ViT_32  0.5036657
NRMSE        26     ./results/results_output_real_RT_ViT_32  0.17572159
NRMSE_MASK   26     ./results/results_output_real_RT_ViT_32  0.501428
NRMSE        27     ./results/results_output_real_RT_ViT_32  0.1734585
NRMSE_MASK   27     ./results/results_output_real_RT_ViT_32  0.49933594
NRMSE        28     ./results/results_output_real_RT_ViT_32  0.17126358
NRMSE_MASK   28     ./results/results_output_real_RT_ViT_32  0.49735454
NRMSE        29     ./results/results_output_real_RT_ViT_32  0.1691361
NRMSE_MASK   29     ./results/results_output_real_RT_ViT_32  0.49548852
NRMSE        30     ./results/results_output_real_RT_ViT_32  0.16706742
NRMSE_MASK   30     ./results/results_output_real_RT_ViT_32  0.493732
NRMSE        31     ./results/results_output_real_RT_ViT_32  0.16506064
NRMSE_MASK   31     ./results/results_output_real_RT_ViT_32  0.49257028
NRMSE        0     ./results/results_output_imag_RT_ViT_32  0.03976397
NRMSE_MASK   0     ./results/results_output_imag_RT_ViT_32  0.47579846
NRMSE        1     ./results/results_output_imag_RT_ViT_32  0.07272794
NRMSE_MASK   1     ./results/results_output_imag_RT_ViT_32  0.64972794
NRMSE        2     ./results/results_output_imag_RT_ViT_32  0.09267077
NRMSE_MASK   2     ./results/results_output_imag_RT_ViT_32  0.66465604
NRMSE        3     ./results/results_output_imag_RT_ViT_32  0.10735419
NRMSE_MASK   3     ./results/results_output_imag_RT_ViT_32  0.65205
NRMSE        4     ./results/results_output_imag_RT_ViT_32  0.11910379
NRMSE_MASK   4     ./results/results_output_imag_RT_ViT_32  0.63922375
NRMSE        5     ./results/results_output_imag_RT_ViT_32  0.12896705
NRMSE_MASK   5     ./results/results_output_imag_RT_ViT_32  0.6255914
NRMSE        6     ./results/results_output_imag_RT_ViT_32  0.13748547
NRMSE_MASK   6     ./results/results_output_imag_RT_ViT_32  0.6126435
NRMSE        7     ./results/results_output_imag_RT_ViT_32  0.14498821
NRMSE_MASK   7     ./results/results_output_imag_RT_ViT_32  0.60087746
NRMSE        8     ./results/results_output_imag_RT_ViT_32  0.15172882
NRMSE_MASK   8     ./results/results_output_imag_RT_ViT_32  0.59034836
NRMSE        9     ./results/results_output_imag_RT_ViT_32  0.15783726
NRMSE_MASK   9     ./results/results_output_imag_RT_ViT_32  0.58074486
NRMSE        10     ./results/results_output_imag_RT_ViT_32  0.16341665
NRMSE_MASK   10     ./results/results_output_imag_RT_ViT_32  0.5719395
NRMSE        11     ./results/results_output_imag_RT_ViT_32  0.16854788
NRMSE_MASK   11     ./results/results_output_imag_RT_ViT_32  0.56381863
NRMSE        12     ./results/results_output_imag_RT_ViT_32  0.17329773
NRMSE_MASK   12     ./results/results_output_imag_RT_ViT_32  0.556326
NRMSE        13     ./results/results_output_imag_RT_ViT_32  0.17771663
NRMSE_MASK   13     ./results/results_output_imag_RT_ViT_32  0.5493923
NRMSE        14     ./results/results_output_imag_RT_ViT_32  0.18184489
NRMSE_MASK   14     ./results/results_output_imag_RT_ViT_32  0.5428604
NRMSE        15     ./results/results_output_imag_RT_ViT_32  0.18572
NRMSE_MASK   15     ./results/results_output_imag_RT_ViT_32  0.53670174
NRMSE        16     ./results/results_output_imag_RT_ViT_32  0.18936361
NRMSE_MASK   16     ./results/results_output_imag_RT_ViT_32  0.5324577
NRMSE        17     ./results/results_output_imag_RT_ViT_32  0.191599
NRMSE_MASK   17     ./results/results_output_imag_RT_ViT_32  0.52837324
NRMSE        18     ./results/results_output_imag_RT_ViT_32  0.19181933
NRMSE_MASK   18     ./results/results_output_imag_RT_ViT_32  0.5230694
NRMSE        19     ./results/results_output_imag_RT_ViT_32  0.191085
NRMSE_MASK   19     ./results/results_output_imag_RT_ViT_32  0.5188369
NRMSE        20     ./results/results_output_imag_RT_ViT_32  0.18974018
NRMSE_MASK   20     ./results/results_output_imag_RT_ViT_32  0.51512855
NRMSE        21     ./results/results_output_imag_RT_ViT_32  0.1879572
NRMSE_MASK   21     ./results/results_output_imag_RT_ViT_32  0.5118421
NRMSE        22     ./results/results_output_imag_RT_ViT_32  0.18583952
NRMSE_MASK   22     ./results/results_output_imag_RT_ViT_32  0.50888425
NRMSE        23     ./results/results_output_imag_RT_ViT_32  0.18346088
NRMSE_MASK   23     ./results/results_output_imag_RT_ViT_32  0.5061212
NRMSE        24     ./results/results_output_imag_RT_ViT_32  0.18094979
NRMSE_MASK   24     ./results/results_output_imag_RT_ViT_32  0.5035267
NRMSE        25     ./results/results_output_imag_RT_ViT_32  0.17851664
NRMSE_MASK   25     ./results/results_output_imag_RT_ViT_32  0.5012451
NRMSE        26     ./results/results_output_imag_RT_ViT_32  0.17617236
NRMSE_MASK   26     ./results/results_output_imag_RT_ViT_32  0.49913764
NRMSE        27     ./results/results_output_imag_RT_ViT_32  0.17390424
NRMSE_MASK   27     ./results/results_output_imag_RT_ViT_32  0.49717325
NRMSE        28     ./results/results_output_imag_RT_ViT_32  0.17170401
NRMSE_MASK   28     ./results/results_output_imag_RT_ViT_32  0.49530956
NRMSE        29     ./results/results_output_imag_RT_ViT_32  0.16956998
NRMSE_MASK   29     ./results/results_output_imag_RT_ViT_32  0.49355578
NRMSE        30     ./results/results_output_imag_RT_ViT_32  0.16749556
NRMSE_MASK   30     ./results/results_output_imag_RT_ViT_32  0.491908
NRMSE        31     ./results/results_output_imag_RT_ViT_32  0.16548477
NRMSE_MASK   31     ./results/results_output_imag_RT_ViT_32  0.4908129
NRMSE        0     ./results/results_output_rt_U_Net_32  0.01988424
NRMSE_MASK   0     ./results/results_output_rt_U_Net_32  0.032750648
NRMSE        1     ./results/results_output_rt_U_Net_32  0.040472854
NRMSE_MASK   1     ./results/results_output_rt_U_Net_32  0.058610678
NRMSE        2     ./results/results_output_rt_U_Net_32  0.049804553
NRMSE_MASK   2     ./results/results_output_rt_U_Net_32  0.063512675
NRMSE        3     ./results/results_output_rt_U_Net_32  0.04923066
NRMSE_MASK   3     ./results/results_output_rt_U_Net_32  0.059619017
NRMSE        4     ./results/results_output_rt_U_Net_32  0.05192634
NRMSE_MASK   4     ./results/results_output_rt_U_Net_32  0.06243477
NRMSE        5     ./results/results_output_rt_U_Net_32  0.051135883
NRMSE_MASK   5     ./results/results_output_rt_U_Net_32  0.060041595
NRMSE        6     ./results/results_output_rt_U_Net_32  0.049545582
NRMSE_MASK   6     ./results/results_output_rt_U_Net_32  0.058103018
NRMSE        7     ./results/results_output_rt_U_Net_32  0.048342165
NRMSE_MASK   7     ./results/results_output_rt_U_Net_32  0.056600392
NRMSE        8     ./results/results_output_rt_U_Net_32  0.04755159
NRMSE_MASK   8     ./results/results_output_rt_U_Net_32  0.05558751
NRMSE        9     ./results/results_output_rt_U_Net_32  0.047114678
NRMSE_MASK   9     ./results/results_output_rt_U_Net_32  0.055163875
NRMSE        10     ./results/results_output_rt_U_Net_32  0.047068674
NRMSE_MASK   10     ./results/results_output_rt_U_Net_32  0.055080075
NRMSE        11     ./results/results_output_rt_U_Net_32  0.047372244
NRMSE_MASK   11     ./results/results_output_rt_U_Net_32  0.05554765
NRMSE        12     ./results/results_output_rt_U_Net_32  0.0479308
NRMSE_MASK   12     ./results/results_output_rt_U_Net_32  0.05631945
NRMSE        13     ./results/results_output_rt_U_Net_32  0.048693065
NRMSE_MASK   13     ./results/results_output_rt_U_Net_32  0.05734793
NRMSE        14     ./results/results_output_rt_U_Net_32  0.049738944
NRMSE_MASK   14     ./results/results_output_rt_U_Net_32  0.058622275
NRMSE        15     ./results/results_output_rt_U_Net_32  0.05086016
NRMSE_MASK   15     ./results/results_output_rt_U_Net_32  0.059998017
NRMSE        16     ./results/results_output_rt_U_Net_32  0.052164525
NRMSE_MASK   16     ./results/results_output_rt_U_Net_32  0.061533887
NRMSE        17     ./results/results_output_rt_U_Net_32  0.05366142
NRMSE_MASK   17     ./results/results_output_rt_U_Net_32  0.06288666
NRMSE        18     ./results/results_output_rt_U_Net_32  0.055453114
NRMSE_MASK   18     ./results/results_output_rt_U_Net_32  0.06506683
NRMSE        19     ./results/results_output_rt_U_Net_32  0.0580895
NRMSE_MASK   19     ./results/results_output_rt_U_Net_32  0.06760833
NRMSE        20     ./results/results_output_rt_U_Net_32  0.061226897
NRMSE_MASK   20     ./results/results_output_rt_U_Net_32  0.070711955
NRMSE        21     ./results/results_output_rt_U_Net_32  0.06408347
NRMSE_MASK   21     ./results/results_output_rt_U_Net_32  0.073557824
NRMSE        22     ./results/results_output_rt_U_Net_32  0.06718464
NRMSE_MASK   22     ./results/results_output_rt_U_Net_32  0.07719596
NRMSE        23     ./results/results_output_rt_U_Net_32  0.070495754
NRMSE_MASK   23     ./results/results_output_rt_U_Net_32  0.080462396
NRMSE        24     ./results/results_output_rt_U_Net_32  0.07319899
NRMSE_MASK   24     ./results/results_output_rt_U_Net_32  0.08336921
NRMSE        25     ./results/results_output_rt_U_Net_32  0.07549981
NRMSE_MASK   25     ./results/results_output_rt_U_Net_32  0.08588175
NRMSE        26     ./results/results_output_rt_U_Net_32  0.0774705
NRMSE_MASK   26     ./results/results_output_rt_U_Net_32  0.08821218
NRMSE        27     ./results/results_output_rt_U_Net_32  0.07918679
NRMSE_MASK   27     ./results/results_output_rt_U_Net_32  0.09027993
NRMSE        28     ./results/results_output_rt_U_Net_32  0.08062093
NRMSE_MASK   28     ./results/results_output_rt_U_Net_32  0.09141571
NRMSE        29     ./results/results_output_rt_U_Net_32  0.08182507
NRMSE_MASK   29     ./results/results_output_rt_U_Net_32  0.09231458
NRMSE        30     ./results/results_output_rt_U_Net_32  0.08283083
NRMSE_MASK   30     ./results/results_output_rt_U_Net_32  0.09301295
NRMSE        31     ./results/results_output_rt_U_Net_32  0.08365878
NRMSE_MASK   31     ./results/results_output_rt_U_Net_32  0.09353256
NRMSE        0     ./results/results_output_real_U_Net_32  0.038725372
NRMSE_MASK   0     ./results/results_output_real_U_Net_32  0.3410949
NRMSE        1     ./results/results_output_real_U_Net_32  0.07179506
NRMSE_MASK   1     ./results/results_output_real_U_Net_32  0.20596714
NRMSE        2     ./results/results_output_real_U_Net_32  0.085556924
NRMSE_MASK   2     ./results/results_output_real_U_Net_32  0.16350682
NRMSE        3     ./results/results_output_real_U_Net_32  0.08477595
NRMSE_MASK   3     ./results/results_output_real_U_Net_32  0.13932732
NRMSE        4     ./results/results_output_real_U_Net_32  0.08665019
NRMSE_MASK   4     ./results/results_output_real_U_Net_32  0.13340819
NRMSE        5     ./results/results_output_real_U_Net_32  0.08571754
NRMSE_MASK   5     ./results/results_output_real_U_Net_32  0.12606466
NRMSE        6     ./results/results_output_real_U_Net_32  0.086137734
NRMSE_MASK   6     ./results/results_output_real_U_Net_32  0.12264397
NRMSE        7     ./results/results_output_real_U_Net_32  0.08689892
NRMSE_MASK   7     ./results/results_output_real_U_Net_32  0.120943956
NRMSE        8     ./results/results_output_real_U_Net_32  0.086862214
NRMSE_MASK   8     ./results/results_output_real_U_Net_32  0.119101085
NRMSE        9     ./results/results_output_real_U_Net_32  0.0865852
NRMSE_MASK   9     ./results/results_output_real_U_Net_32  0.11741488
NRMSE        10     ./results/results_output_real_U_Net_32  0.086480446
NRMSE_MASK   10     ./results/results_output_real_U_Net_32  0.116273515
NRMSE        11     ./results/results_output_real_U_Net_32  0.08676098
NRMSE_MASK   11     ./results/results_output_real_U_Net_32  0.11583623
NRMSE        12     ./results/results_output_real_U_Net_32  0.08742776
NRMSE_MASK   12     ./results/results_output_real_U_Net_32  0.11591771
NRMSE        13     ./results/results_output_real_U_Net_32  0.0884041
NRMSE_MASK   13     ./results/results_output_real_U_Net_32  0.11653846
NRMSE        14     ./results/results_output_real_U_Net_32  0.089647576
NRMSE_MASK   14     ./results/results_output_real_U_Net_32  0.117486
NRMSE        15     ./results/results_output_real_U_Net_32  0.09111835
NRMSE_MASK   15     ./results/results_output_real_U_Net_32  0.1186055
NRMSE        16     ./results/results_output_real_U_Net_32  0.09281176
NRMSE_MASK   16     ./results/results_output_real_U_Net_32  0.1200551
NRMSE        17     ./results/results_output_real_U_Net_32  0.094999924
NRMSE_MASK   17     ./results/results_output_real_U_Net_32  0.12204199
NRMSE        18     ./results/results_output_real_U_Net_32  0.09790774
NRMSE_MASK   18     ./results/results_output_real_U_Net_32  0.12518804
NRMSE        19     ./results/results_output_real_U_Net_32  0.10004432
NRMSE_MASK   19     ./results/results_output_real_U_Net_32  0.12724632
NRMSE        20     ./results/results_output_real_U_Net_32  0.103033796
NRMSE_MASK   20     ./results/results_output_real_U_Net_32  0.1307172
NRMSE        21     ./results/results_output_real_U_Net_32  0.10529208
NRMSE_MASK   21     ./results/results_output_real_U_Net_32  0.13483733
NRMSE        22     ./results/results_output_real_U_Net_32  0.10651389
NRMSE_MASK   22     ./results/results_output_real_U_Net_32  0.13866125
NRMSE        23     ./results/results_output_real_U_Net_32  0.10691089
NRMSE_MASK   23     ./results/results_output_real_U_Net_32  0.14150646
NRMSE        24     ./results/results_output_real_U_Net_32  0.106774755
NRMSE_MASK   24     ./results/results_output_real_U_Net_32  0.14365938
NRMSE        25     ./results/results_output_real_U_Net_32  0.10651521
NRMSE_MASK   25     ./results/results_output_real_U_Net_32  0.1455984
NRMSE        26     ./results/results_output_real_U_Net_32  0.10617154
NRMSE_MASK   26     ./results/results_output_real_U_Net_32  0.14734203
NRMSE        27     ./results/results_output_real_U_Net_32  0.10574679
NRMSE_MASK   27     ./results/results_output_real_U_Net_32  0.14892861
NRMSE        28     ./results/results_output_real_U_Net_32  0.10525053
NRMSE_MASK   28     ./results/results_output_real_U_Net_32  0.15034857
NRMSE        29     ./results/results_output_real_U_Net_32  0.10469942
NRMSE_MASK   29     ./results/results_output_real_U_Net_32  0.15161513
NRMSE        30     ./results/results_output_real_U_Net_32  0.104094654
NRMSE_MASK   30     ./results/results_output_real_U_Net_32  0.15271723
NRMSE        31     ./results/results_output_real_U_Net_32  0.103454515
NRMSE_MASK   31     ./results/results_output_real_U_Net_32  0.15374604
NRMSE        0     ./results/results_output_imag_U_Net_32  0.039774217
NRMSE_MASK   0     ./results/results_output_imag_U_Net_32  0.3290635
NRMSE        1     ./results/results_output_imag_U_Net_32  0.072429664
NRMSE_MASK   1     ./results/results_output_imag_U_Net_32  0.22211783
NRMSE        2     ./results/results_output_imag_U_Net_32  0.08687336
NRMSE_MASK   2     ./results/results_output_imag_U_Net_32  0.17229912
NRMSE        3     ./results/results_output_imag_U_Net_32  0.08615504
NRMSE_MASK   3     ./results/results_output_imag_U_Net_32  0.14460011
NRMSE        4     ./results/results_output_imag_U_Net_32  0.088060215
NRMSE_MASK   4     ./results/results_output_imag_U_Net_32  0.13779493
NRMSE        5     ./results/results_output_imag_U_Net_32  0.0868407
NRMSE_MASK   5     ./results/results_output_imag_U_Net_32  0.12996778
NRMSE        6     ./results/results_output_imag_U_Net_32  0.08730509
NRMSE_MASK   6     ./results/results_output_imag_U_Net_32  0.12646213
NRMSE        7     ./results/results_output_imag_U_Net_32  0.08786663
NRMSE_MASK   7     ./results/results_output_imag_U_Net_32  0.124483414
NRMSE        8     ./results/results_output_imag_U_Net_32  0.087575495
NRMSE_MASK   8     ./results/results_output_imag_U_Net_32  0.1220707
NRMSE        9     ./results/results_output_imag_U_Net_32  0.08710616
NRMSE_MASK   9     ./results/results_output_imag_U_Net_32  0.11976249
NRMSE        10     ./results/results_output_imag_U_Net_32  0.086936854
NRMSE_MASK   10     ./results/results_output_imag_U_Net_32  0.11837145
NRMSE        11     ./results/results_output_imag_U_Net_32  0.08719124
NRMSE_MASK   11     ./results/results_output_imag_U_Net_32  0.11783158
NRMSE        12     ./results/results_output_imag_U_Net_32  0.08787709
NRMSE_MASK   12     ./results/results_output_imag_U_Net_32  0.11772586
NRMSE        13     ./results/results_output_imag_U_Net_32  0.08885774
NRMSE_MASK   13     ./results/results_output_imag_U_Net_32  0.118250854
NRMSE        14     ./results/results_output_imag_U_Net_32  0.09009658
NRMSE_MASK   14     ./results/results_output_imag_U_Net_32  0.119201094
NRMSE        15     ./results/results_output_imag_U_Net_32  0.09156092
NRMSE_MASK   15     ./results/results_output_imag_U_Net_32  0.12043004
NRMSE        16     ./results/results_output_imag_U_Net_32  0.093256064
NRMSE_MASK   16     ./results/results_output_imag_U_Net_32  0.12193225
NRMSE        17     ./results/results_output_imag_U_Net_32  0.09537121
NRMSE_MASK   17     ./results/results_output_imag_U_Net_32  0.12390514
NRMSE        18     ./results/results_output_imag_U_Net_32  0.098278545
NRMSE_MASK   18     ./results/results_output_imag_U_Net_32  0.12696084
NRMSE        19     ./results/results_output_imag_U_Net_32  0.10054277
NRMSE_MASK   19     ./results/results_output_imag_U_Net_32  0.12926783
NRMSE        20     ./results/results_output_imag_U_Net_32  0.103591084
NRMSE_MASK   20     ./results/results_output_imag_U_Net_32  0.13297865
NRMSE        21     ./results/results_output_imag_U_Net_32  0.10584034
NRMSE_MASK   21     ./results/results_output_imag_U_Net_32  0.13729268
NRMSE        22     ./results/results_output_imag_U_Net_32  0.10704948
NRMSE_MASK   22     ./results/results_output_imag_U_Net_32  0.14113526
NRMSE        23     ./results/results_output_imag_U_Net_32  0.10743714
NRMSE_MASK   23     ./results/results_output_imag_U_Net_32  0.14395657
NRMSE        24     ./results/results_output_imag_U_Net_32  0.1072954
NRMSE_MASK   24     ./results/results_output_imag_U_Net_32  0.14613649
NRMSE        25     ./results/results_output_imag_U_Net_32  0.10702454
NRMSE_MASK   25     ./results/results_output_imag_U_Net_32  0.14808562
NRMSE        26     ./results/results_output_imag_U_Net_32  0.10667174
NRMSE_MASK   26     ./results/results_output_imag_U_Net_32  0.14984016
NRMSE        27     ./results/results_output_imag_U_Net_32  0.10623997
NRMSE_MASK   27     ./results/results_output_imag_U_Net_32  0.15143836
NRMSE        28     ./results/results_output_imag_U_Net_32  0.105736345
NRMSE_MASK   28     ./results/results_output_imag_U_Net_32  0.1528574
NRMSE        29     ./results/results_output_imag_U_Net_32  0.105176024
NRMSE_MASK   29     ./results/results_output_imag_U_Net_32  0.1541066
NRMSE        30     ./results/results_output_imag_U_Net_32  0.10456347
NRMSE_MASK   30     ./results/results_output_imag_U_Net_32  0.15520863
NRMSE        31     ./results/results_output_imag_U_Net_32  0.10391835
NRMSE_MASK   31     ./results/results_output_imag_U_Net_32  0.15628266
